{"/home/daniel/Desktop/Bachelorarbeit/TransliterationApplication/src/about.js":{"path":"/home/daniel/Desktop/Bachelorarbeit/TransliterationApplication/src/about.js","s":{"1":1,"2":1},"b":{},"f":{"1":1},"fnMap":{"1":{"name":"(anonymous_1)","line":1,"loc":{"start":{"line":1,"column":29},"end":{"line":1,"column":40}}}},"statementMap":{"1":{"start":{"line":1,"column":0},"end":{"line":3,"column":2}},"2":{"start":{"line":2,"column":1},"end":{"line":2,"column":16}}},"branchMap":{}},"/home/daniel/Desktop/Bachelorarbeit/TransliterationApplication/src/codec.js":{"path":"/home/daniel/Desktop/Bachelorarbeit/TransliterationApplication/src/codec.js","s":{"1":1,"2":1,"3":1,"4":1,"5":1,"6":1,"7":1,"8":23,"9":23,"10":22,"11":22,"12":22,"13":1,"14":21,"15":0,"16":21,"17":21,"18":5,"19":19,"20":19,"21":19,"22":19,"23":19,"24":19,"25":19,"26":0,"27":19,"28":5,"29":21,"30":207,"31":207,"32":12,"33":12,"34":12,"35":34,"36":12,"37":21,"38":207,"39":21,"40":195,"41":195,"42":174,"43":174,"44":48,"45":174,"46":21,"47":0,"48":1,"49":1,"50":186,"51":890,"52":890,"53":186,"54":1,"55":12,"56":12,"57":110,"58":110,"59":34,"60":12,"61":1,"62":20,"63":20,"64":0,"65":20,"66":0,"67":20,"68":20,"69":191,"70":191,"71":20,"72":20,"73":20,"74":20,"75":1,"76":13,"77":13,"78":0,"79":13,"80":13,"81":13,"82":13,"83":18,"84":104,"85":104,"86":104,"87":104,"88":13,"89":13,"90":13,"91":1,"92":8,"93":8,"94":0,"95":8,"96":8,"97":8,"98":8,"99":8,"100":45,"101":45,"102":17,"103":45,"104":45,"105":350,"106":45,"107":305,"108":305,"109":305,"110":305,"111":305,"112":45,"113":45,"114":718,"115":718,"116":718,"117":718,"118":8,"119":8,"120":8,"121":8,"122":8,"123":8,"124":134,"125":8,"126":49,"127":8,"128":8,"129":45,"130":45,"131":17,"132":45,"133":45,"134":718,"135":45,"136":17,"137":45,"138":28,"139":8,"140":8,"141":8,"142":1,"143":3,"144":0,"145":3,"146":3,"147":0,"148":3,"149":3,"150":3,"151":0,"152":3,"153":3,"154":3,"155":30,"156":30,"157":216,"158":30,"159":186,"160":186,"161":186,"162":186,"163":186,"164":30,"165":17,"166":17,"167":30,"168":30,"169":30,"170":12,"171":12,"172":18,"173":3,"174":3,"175":18,"176":3,"177":3,"178":3,"179":1,"180":12,"181":12,"182":12,"183":0,"184":2,"185":0,"186":1},"b":{"1":[1,1],"2":[22,1],"3":[1,21],"4":[0,21],"5":[5,16],"6":[19,0],"7":[0,19],"8":[12,195],"9":[207,159],"10":[174,21],"11":[48,126],"12":[186,704],"13":[34,76],"14":[110,105],"15":[0,20],"16":[0,20],"17":[20,171],"18":[0,13],"19":[104,0],"20":[0,8],"21":[17,28],"22":[45,0],"23":[305,0],"24":[718,0],"25":[17,28],"26":[17,28],"27":[28,17],"28":[0,3],"29":[0,3],"30":[0,3],"31":[30,0],"32":[186,0],"33":[17,13],"34":[12,18],"35":[1,2]},"f":{"1":23,"2":23,"3":22,"4":207,"5":186,"6":12,"7":20,"8":20,"9":13,"10":13,"11":18,"12":104,"13":8,"14":8,"15":45,"16":350,"17":305,"18":134,"19":49,"20":45,"21":3,"22":3,"23":30,"24":216,"25":186,"26":18,"27":3,"28":12,"29":12,"30":0,"31":0},"fnMap":{"1":{"name":"(anonymous_1)","line":112,"loc":{"start":{"line":112,"column":26},"end":{"line":112,"column":55}}},"2":{"name":"(anonymous_2)","line":113,"loc":{"start":{"line":113,"column":44},"end":{"line":113,"column":64}}},"3":{"name":"(anonymous_3)","line":116,"loc":{"start":{"line":116,"column":47},"end":{"line":116,"column":70}}},"4":{"name":"(anonymous_4)","line":161,"loc":{"start":{"line":161,"column":57},"end":{"line":161,"column":73}}},"5":{"name":"(anonymous_5)","line":199,"loc":{"start":{"line":199,"column":23},"end":{"line":199,"column":42}}},"6":{"name":"(anonymous_6)","line":217,"loc":{"start":{"line":217,"column":31},"end":{"line":217,"column":57}}},"7":{"name":"(anonymous_7)","line":240,"loc":{"start":{"line":240,"column":34},"end":{"line":240,"column":63}}},"8":{"name":"(anonymous_8)","line":241,"loc":{"start":{"line":241,"column":38},"end":{"line":241,"column":60}}},"9":{"name":"(anonymous_9)","line":271,"loc":{"start":{"line":271,"column":36},"end":{"line":271,"column":65}}},"10":{"name":"(anonymous_10)","line":272,"loc":{"start":{"line":272,"column":46},"end":{"line":272,"column":68}}},"11":{"name":"(anonymous_11)","line":286,"loc":{"start":{"line":286,"column":44},"end":{"line":286,"column":59}}},"12":{"name":"(anonymous_12)","line":287,"loc":{"start":{"line":287,"column":39},"end":{"line":287,"column":54}}},"13":{"name":"(anonymous_13)","line":313,"loc":{"start":{"line":313,"column":27},"end":{"line":313,"column":56}}},"14":{"name":"(anonymous_14)","line":314,"loc":{"start":{"line":314,"column":48},"end":{"line":314,"column":70}}},"15":{"name":"(anonymous_15)","line":331,"loc":{"start":{"line":331,"column":41},"end":{"line":331,"column":55}}},"16":{"name":"(anonymous_16)","line":339,"loc":{"start":{"line":339,"column":64},"end":{"line":339,"column":75}}},"17":{"name":"(anonymous_17)","line":340,"loc":{"start":{"line":340,"column":35},"end":{"line":340,"column":51}}},"18":{"name":"(anonymous_18)","line":368,"loc":{"start":{"line":368,"column":30},"end":{"line":368,"column":42}}},"19":{"name":"(anonymous_19)","line":381,"loc":{"start":{"line":381,"column":30},"end":{"line":381,"column":42}}},"20":{"name":"(anonymous_20)","line":404,"loc":{"start":{"line":404,"column":25},"end":{"line":404,"column":39}}},"21":{"name":"(anonymous_21)","line":466,"loc":{"start":{"line":466,"column":25},"end":{"line":466,"column":87}}},"22":{"name":"(anonymous_22)","line":475,"loc":{"start":{"line":475,"column":48},"end":{"line":475,"column":70}}},"23":{"name":"(anonymous_23)","line":482,"loc":{"start":{"line":482,"column":44},"end":{"line":482,"column":60}}},"24":{"name":"(anonymous_24)","line":485,"loc":{"start":{"line":485,"column":64},"end":{"line":485,"column":77}}},"25":{"name":"(anonymous_25)","line":488,"loc":{"start":{"line":488,"column":35},"end":{"line":488,"column":52}}},"26":{"name":"(anonymous_26)","line":517,"loc":{"start":{"line":517,"column":26},"end":{"line":517,"column":42}}},"27":{"name":"(anonymous_27)","line":520,"loc":{"start":{"line":520,"column":48},"end":{"line":520,"column":66}}},"28":{"name":"(anonymous_28)","line":524,"loc":{"start":{"line":524,"column":34},"end":{"line":524,"column":50}}},"29":{"name":"(anonymous_29)","line":528,"loc":{"start":{"line":528,"column":60},"end":{"line":528,"column":76}}},"30":{"name":"(anonymous_30)","line":530,"loc":{"start":{"line":530,"column":27},"end":{"line":530,"column":40}}},"31":{"name":"(anonymous_31)","line":538,"loc":{"start":{"line":538,"column":12},"end":{"line":538,"column":25}}}},"statementMap":{"1":{"start":{"line":72,"column":0},"end":{"line":72,"column":23}},"2":{"start":{"line":73,"column":0},"end":{"line":73,"column":31}},"3":{"start":{"line":74,"column":0},"end":{"line":74,"column":37}},"4":{"start":{"line":85,"column":0},"end":{"line":85,"column":24}},"5":{"start":{"line":93,"column":0},"end":{"line":93,"column":35}},"6":{"start":{"line":103,"column":0},"end":{"line":103,"column":68}},"7":{"start":{"line":112,"column":0},"end":{"line":188,"column":2}},"8":{"start":{"line":113,"column":4},"end":{"line":187,"column":7}},"9":{"start":{"line":114,"column":8},"end":{"line":186,"column":9}},"10":{"start":{"line":115,"column":12},"end":{"line":183,"column":13}},"11":{"start":{"line":116,"column":16},"end":{"line":180,"column":19}},"12":{"start":{"line":117,"column":20},"end":{"line":178,"column":21}},"13":{"start":{"line":118,"column":24},"end":{"line":118,"column":45}},"14":{"start":{"line":120,"column":24},"end":{"line":122,"column":25}},"15":{"start":{"line":121,"column":28},"end":{"line":121,"column":89}},"16":{"start":{"line":123,"column":24},"end":{"line":123,"column":63}},"17":{"start":{"line":127,"column":24},"end":{"line":144,"column":25}},"18":{"start":{"line":128,"column":28},"end":{"line":141,"column":29}},"19":{"start":{"line":129,"column":32},"end":{"line":129,"column":69}},"20":{"start":{"line":130,"column":32},"end":{"line":140,"column":33}},"21":{"start":{"line":132,"column":36},"end":{"line":132,"column":52}},"22":{"start":{"line":133,"column":36},"end":{"line":133,"column":100}},"23":{"start":{"line":134,"column":36},"end":{"line":134,"column":88}},"24":{"start":{"line":135,"column":36},"end":{"line":135,"column":57}},"25":{"start":{"line":136,"column":36},"end":{"line":138,"column":37}},"26":{"start":{"line":137,"column":40},"end":{"line":137,"column":57}},"27":{"start":{"line":139,"column":36},"end":{"line":139,"column":61}},"28":{"start":{"line":143,"column":28},"end":{"line":143,"column":47}},"29":{"start":{"line":148,"column":24},"end":{"line":158,"column":25}},"30":{"start":{"line":149,"column":28},"end":{"line":149,"column":54}},"31":{"start":{"line":150,"column":28},"end":{"line":157,"column":29}},"32":{"start":{"line":151,"column":32},"end":{"line":151,"column":87}},"33":{"start":{"line":152,"column":32},"end":{"line":152,"column":93}},"34":{"start":{"line":153,"column":32},"end":{"line":155,"column":33}},"35":{"start":{"line":154,"column":36},"end":{"line":154,"column":71}},"36":{"start":{"line":156,"column":32},"end":{"line":156,"column":53}},"37":{"start":{"line":161,"column":24},"end":{"line":163,"column":27}},"38":{"start":{"line":162,"column":28},"end":{"line":162,"column":49}},"39":{"start":{"line":166,"column":24},"end":{"line":175,"column":25}},"40":{"start":{"line":167,"column":28},"end":{"line":167,"column":54}},"41":{"start":{"line":168,"column":28},"end":{"line":174,"column":29}},"42":{"start":{"line":169,"column":32},"end":{"line":169,"column":87}},"43":{"start":{"line":170,"column":32},"end":{"line":172,"column":33}},"44":{"start":{"line":171,"column":36},"end":{"line":171,"column":56}},"45":{"start":{"line":173,"column":32},"end":{"line":173,"column":59}},"46":{"start":{"line":177,"column":24},"end":{"line":177,"column":46}},"47":{"start":{"line":182,"column":16},"end":{"line":182,"column":37}},"48":{"start":{"line":185,"column":12},"end":{"line":185,"column":33}},"49":{"start":{"line":199,"column":0},"end":{"line":206,"column":2}},"50":{"start":{"line":200,"column":4},"end":{"line":205,"column":5}},"51":{"start":{"line":201,"column":8},"end":{"line":201,"column":34}},"52":{"start":{"line":202,"column":8},"end":{"line":204,"column":9}},"53":{"start":{"line":203,"column":12},"end":{"line":203,"column":24}},"54":{"start":{"line":217,"column":0},"end":{"line":226,"column":2}},"55":{"start":{"line":218,"column":4},"end":{"line":218,"column":19}},"56":{"start":{"line":219,"column":4},"end":{"line":224,"column":5}},"57":{"start":{"line":220,"column":8},"end":{"line":220,"column":34}},"58":{"start":{"line":221,"column":8},"end":{"line":223,"column":9}},"59":{"start":{"line":222,"column":12},"end":{"line":222,"column":29}},"60":{"start":{"line":225,"column":4},"end":{"line":225,"column":17}},"61":{"start":{"line":240,"column":0},"end":{"line":258,"column":2}},"62":{"start":{"line":241,"column":4},"end":{"line":257,"column":7}},"63":{"start":{"line":242,"column":8},"end":{"line":256,"column":9}},"64":{"start":{"line":243,"column":12},"end":{"line":243,"column":33}},"65":{"start":{"line":245,"column":3},"end":{"line":245,"column":50}},"66":{"start":{"line":245,"column":17},"end":{"line":245,"column":49}},"67":{"start":{"line":246,"column":12},"end":{"line":246,"column":21}},"68":{"start":{"line":247,"column":12},"end":{"line":252,"column":13}},"69":{"start":{"line":248,"column":16},"end":{"line":248,"column":65}},"70":{"start":{"line":249,"column":16},"end":{"line":251,"column":17}},"71":{"start":{"line":250,"column":20},"end":{"line":250,"column":32}},"72":{"start":{"line":253,"column":12},"end":{"line":253,"column":56}},"73":{"start":{"line":254,"column":12},"end":{"line":254,"column":54}},"74":{"start":{"line":255,"column":12},"end":{"line":255,"column":34}},"75":{"start":{"line":271,"column":0},"end":{"line":301,"column":2}},"76":{"start":{"line":272,"column":4},"end":{"line":300,"column":6}},"77":{"start":{"line":273,"column":8},"end":{"line":299,"column":9}},"78":{"start":{"line":274,"column":12},"end":{"line":274,"column":33}},"79":{"start":{"line":276,"column":12},"end":{"line":276,"column":84}},"80":{"start":{"line":279,"column":12},"end":{"line":279,"column":44}},"81":{"start":{"line":284,"column":12},"end":{"line":284,"column":35}},"82":{"start":{"line":286,"column":12},"end":{"line":294,"column":15}},"83":{"start":{"line":287,"column":16},"end":{"line":293,"column":19}},"84":{"start":{"line":288,"column":20},"end":{"line":288,"column":49}},"85":{"start":{"line":289,"column":20},"end":{"line":291,"column":21}},"86":{"start":{"line":290,"column":24},"end":{"line":290,"column":70}},"87":{"start":{"line":292,"column":20},"end":{"line":292,"column":46}},"88":{"start":{"line":296,"column":12},"end":{"line":296,"column":52}},"89":{"start":{"line":297,"column":12},"end":{"line":297,"column":43}},"90":{"start":{"line":298,"column":12},"end":{"line":298,"column":33}},"91":{"start":{"line":313,"column":0},"end":{"line":455,"column":2}},"92":{"start":{"line":314,"column":4},"end":{"line":454,"column":6}},"93":{"start":{"line":315,"column":8},"end":{"line":453,"column":9}},"94":{"start":{"line":316,"column":12},"end":{"line":316,"column":33}},"95":{"start":{"line":319,"column":12},"end":{"line":319,"column":60}},"96":{"start":{"line":320,"column":12},"end":{"line":320,"column":51}},"97":{"start":{"line":321,"column":12},"end":{"line":321,"column":40}},"98":{"start":{"line":326,"column":12},"end":{"line":329,"column":14}},"99":{"start":{"line":331,"column":12},"end":{"line":358,"column":15}},"100":{"start":{"line":332,"column":16},"end":{"line":332,"column":34}},"101":{"start":{"line":333,"column":16},"end":{"line":335,"column":17}},"102":{"start":{"line":334,"column":20},"end":{"line":334,"column":34}},"103":{"start":{"line":337,"column":16},"end":{"line":349,"column":17}},"104":{"start":{"line":339,"column":20},"end":{"line":339,"column":99}},"105":{"start":{"line":339,"column":76},"end":{"line":339,"column":97}},"106":{"start":{"line":340,"column":20},"end":{"line":347,"column":23}},"107":{"start":{"line":341,"column":24},"end":{"line":341,"column":54}},"108":{"start":{"line":342,"column":24},"end":{"line":342,"column":44}},"109":{"start":{"line":343,"column":24},"end":{"line":343,"column":46}},"110":{"start":{"line":344,"column":24},"end":{"line":346,"column":25}},"111":{"start":{"line":345,"column":28},"end":{"line":345,"column":48}},"112":{"start":{"line":348,"column":20},"end":{"line":348,"column":40}},"113":{"start":{"line":351,"column":16},"end":{"line":357,"column":17}},"114":{"start":{"line":352,"column":20},"end":{"line":356,"column":21}},"115":{"start":{"line":353,"column":24},"end":{"line":353,"column":36}},"116":{"start":{"line":354,"column":24},"end":{"line":354,"column":46}},"117":{"start":{"line":355,"column":24},"end":{"line":355,"column":48}},"118":{"start":{"line":360,"column":12},"end":{"line":360,"column":44}},"119":{"start":{"line":362,"column":12},"end":{"line":362,"column":33}},"120":{"start":{"line":363,"column":12},"end":{"line":363,"column":37}},"121":{"start":{"line":365,"column":12},"end":{"line":365,"column":51}},"122":{"start":{"line":366,"column":12},"end":{"line":366,"column":51}},"123":{"start":{"line":368,"column":12},"end":{"line":379,"column":15}},"124":{"start":{"line":369,"column":16},"end":{"line":378,"column":23}},"125":{"start":{"line":381,"column":12},"end":{"line":392,"column":15}},"126":{"start":{"line":382,"column":16},"end":{"line":391,"column":23}},"127":{"start":{"line":394,"column":12},"end":{"line":401,"column":14}},"128":{"start":{"line":404,"column":12},"end":{"line":448,"column":15}},"129":{"start":{"line":405,"column":16},"end":{"line":405,"column":34}},"130":{"start":{"line":406,"column":16},"end":{"line":408,"column":17}},"131":{"start":{"line":407,"column":20},"end":{"line":407,"column":34}},"132":{"start":{"line":410,"column":16},"end":{"line":410,"column":35}},"133":{"start":{"line":413,"column":16},"end":{"line":420,"column":17}},"134":{"start":{"line":414,"column":20},"end":{"line":419,"column":23}},"135":{"start":{"line":422,"column":16},"end":{"line":433,"column":17}},"136":{"start":{"line":423,"column":20},"end":{"line":432,"column":22}},"137":{"start":{"line":435,"column":16},"end":{"line":444,"column":17}},"138":{"start":{"line":436,"column":20},"end":{"line":443,"column":22}},"139":{"start":{"line":450,"column":12},"end":{"line":450,"column":40}},"140":{"start":{"line":451,"column":12},"end":{"line":451,"column":57}},"141":{"start":{"line":452,"column":12},"end":{"line":452,"column":31}},"142":{"start":{"line":466,"column":0},"end":{"line":547,"column":2}},"143":{"start":{"line":467,"column":4},"end":{"line":467,"column":71}},"144":{"start":{"line":467,"column":43},"end":{"line":467,"column":70}},"145":{"start":{"line":468,"column":4},"end":{"line":468,"column":17}},"146":{"start":{"line":469,"column":4},"end":{"line":473,"column":5}},"147":{"start":{"line":470,"column":8},"end":{"line":470,"column":68}},"148":{"start":{"line":472,"column":8},"end":{"line":472,"column":38}},"149":{"start":{"line":475,"column":4},"end":{"line":545,"column":7}},"150":{"start":{"line":476,"column":8},"end":{"line":544,"column":9}},"151":{"start":{"line":477,"column":12},"end":{"line":477,"column":33}},"152":{"start":{"line":479,"column":12},"end":{"line":479,"column":27}},"153":{"start":{"line":480,"column":12},"end":{"line":480,"column":27}},"154":{"start":{"line":482,"column":12},"end":{"line":514,"column":15}},"155":{"start":{"line":483,"column":16},"end":{"line":503,"column":17}},"156":{"start":{"line":485,"column":20},"end":{"line":487,"column":23}},"157":{"start":{"line":486,"column":24},"end":{"line":486,"column":45}},"158":{"start":{"line":488,"column":20},"end":{"line":495,"column":23}},"159":{"start":{"line":489,"column":24},"end":{"line":489,"column":54}},"160":{"start":{"line":490,"column":24},"end":{"line":490,"column":44}},"161":{"start":{"line":491,"column":24},"end":{"line":491,"column":46}},"162":{"start":{"line":492,"column":24},"end":{"line":494,"column":25}},"163":{"start":{"line":493,"column":28},"end":{"line":493,"column":48}},"164":{"start":{"line":498,"column":20},"end":{"line":501,"column":21}},"165":{"start":{"line":499,"column":24},"end":{"line":499,"column":58}},"166":{"start":{"line":500,"column":24},"end":{"line":500,"column":47}},"167":{"start":{"line":502,"column":20},"end":{"line":502,"column":40}},"168":{"start":{"line":505,"column":16},"end":{"line":505,"column":34}},"169":{"start":{"line":506,"column":16},"end":{"line":511,"column":17}},"170":{"start":{"line":507,"column":20},"end":{"line":507,"column":34}},"171":{"start":{"line":508,"column":20},"end":{"line":508,"column":37}},"172":{"start":{"line":510,"column":20},"end":{"line":510,"column":37}},"173":{"start":{"line":516,"column":12},"end":{"line":516,"column":39}},"174":{"start":{"line":517,"column":12},"end":{"line":519,"column":15}},"175":{"start":{"line":518,"column":16},"end":{"line":518,"column":88}},"176":{"start":{"line":520,"column":12},"end":{"line":540,"column":15}},"177":{"start":{"line":522,"column":16},"end":{"line":522,"column":43}},"178":{"start":{"line":523,"column":16},"end":{"line":536,"column":17}},"179":{"start":{"line":524,"column":20},"end":{"line":533,"column":23}},"180":{"start":{"line":525,"column":24},"end":{"line":527,"column":26}},"181":{"start":{"line":528,"column":24},"end":{"line":532,"column":27}},"182":{"start":{"line":529,"column":28},"end":{"line":529,"column":58}},"183":{"start":{"line":531,"column":28},"end":{"line":531,"column":55}},"184":{"start":{"line":535,"column":20},"end":{"line":535,"column":50}},"185":{"start":{"line":539,"column":16},"end":{"line":539,"column":36}},"186":{"start":{"line":549,"column":0},"end":{"line":549,"column":23}}},"branchMap":{"1":{"line":85,"type":"binary-expr","locations":[{"start":{"line":85,"column":12},"end":{"line":85,"column":17}},{"start":{"line":85,"column":21},"end":{"line":85,"column":23}}]},"2":{"line":114,"type":"if","locations":[{"start":{"line":114,"column":8},"end":{"line":114,"column":8}},{"start":{"line":114,"column":8},"end":{"line":114,"column":8}}]},"3":{"line":117,"type":"if","locations":[{"start":{"line":117,"column":20},"end":{"line":117,"column":20}},{"start":{"line":117,"column":20},"end":{"line":117,"column":20}}]},"4":{"line":120,"type":"if","locations":[{"start":{"line":120,"column":24},"end":{"line":120,"column":24}},{"start":{"line":120,"column":24},"end":{"line":120,"column":24}}]},"5":{"line":127,"type":"if","locations":[{"start":{"line":127,"column":24},"end":{"line":127,"column":24}},{"start":{"line":127,"column":24},"end":{"line":127,"column":24}}]},"6":{"line":130,"type":"if","locations":[{"start":{"line":130,"column":32},"end":{"line":130,"column":32}},{"start":{"line":130,"column":32},"end":{"line":130,"column":32}}]},"7":{"line":136,"type":"if","locations":[{"start":{"line":136,"column":36},"end":{"line":136,"column":36}},{"start":{"line":136,"column":36},"end":{"line":136,"column":36}}]},"8":{"line":150,"type":"if","locations":[{"start":{"line":150,"column":28},"end":{"line":150,"column":28}},{"start":{"line":150,"column":28},"end":{"line":150,"column":28}}]},"9":{"line":150,"type":"binary-expr","locations":[{"start":{"line":150,"column":32},"end":{"line":150,"column":44}},{"start":{"line":150,"column":48},"end":{"line":150,"column":72}}]},"10":{"line":168,"type":"if","locations":[{"start":{"line":168,"column":28},"end":{"line":168,"column":28}},{"start":{"line":168,"column":28},"end":{"line":168,"column":28}}]},"11":{"line":170,"type":"if","locations":[{"start":{"line":170,"column":32},"end":{"line":170,"column":32}},{"start":{"line":170,"column":32},"end":{"line":170,"column":32}}]},"12":{"line":202,"type":"if","locations":[{"start":{"line":202,"column":8},"end":{"line":202,"column":8}},{"start":{"line":202,"column":8},"end":{"line":202,"column":8}}]},"13":{"line":221,"type":"if","locations":[{"start":{"line":221,"column":8},"end":{"line":221,"column":8}},{"start":{"line":221,"column":8},"end":{"line":221,"column":8}}]},"14":{"line":221,"type":"binary-expr","locations":[{"start":{"line":221,"column":12},"end":{"line":221,"column":18}},{"start":{"line":221,"column":22},"end":{"line":221,"column":49}}]},"15":{"line":242,"type":"if","locations":[{"start":{"line":242,"column":8},"end":{"line":242,"column":8}},{"start":{"line":242,"column":8},"end":{"line":242,"column":8}}]},"16":{"line":245,"type":"if","locations":[{"start":{"line":245,"column":3},"end":{"line":245,"column":3}},{"start":{"line":245,"column":3},"end":{"line":245,"column":3}}]},"17":{"line":249,"type":"if","locations":[{"start":{"line":249,"column":16},"end":{"line":249,"column":16}},{"start":{"line":249,"column":16},"end":{"line":249,"column":16}}]},"18":{"line":273,"type":"if","locations":[{"start":{"line":273,"column":8},"end":{"line":273,"column":8}},{"start":{"line":273,"column":8},"end":{"line":273,"column":8}}]},"19":{"line":289,"type":"if","locations":[{"start":{"line":289,"column":20},"end":{"line":289,"column":20}},{"start":{"line":289,"column":20},"end":{"line":289,"column":20}}]},"20":{"line":315,"type":"if","locations":[{"start":{"line":315,"column":8},"end":{"line":315,"column":8}},{"start":{"line":315,"column":8},"end":{"line":315,"column":8}}]},"21":{"line":333,"type":"if","locations":[{"start":{"line":333,"column":16},"end":{"line":333,"column":16}},{"start":{"line":333,"column":16},"end":{"line":333,"column":16}}]},"22":{"line":337,"type":"if","locations":[{"start":{"line":337,"column":16},"end":{"line":337,"column":16}},{"start":{"line":337,"column":16},"end":{"line":337,"column":16}}]},"23":{"line":344,"type":"if","locations":[{"start":{"line":344,"column":24},"end":{"line":344,"column":24}},{"start":{"line":344,"column":24},"end":{"line":344,"column":24}}]},"24":{"line":352,"type":"if","locations":[{"start":{"line":352,"column":20},"end":{"line":352,"column":20}},{"start":{"line":352,"column":20},"end":{"line":352,"column":20}}]},"25":{"line":406,"type":"if","locations":[{"start":{"line":406,"column":16},"end":{"line":406,"column":16}},{"start":{"line":406,"column":16},"end":{"line":406,"column":16}}]},"26":{"line":422,"type":"if","locations":[{"start":{"line":422,"column":16},"end":{"line":422,"column":16}},{"start":{"line":422,"column":16},"end":{"line":422,"column":16}}]},"27":{"line":435,"type":"if","locations":[{"start":{"line":435,"column":16},"end":{"line":435,"column":16}},{"start":{"line":435,"column":16},"end":{"line":435,"column":16}}]},"28":{"line":467,"type":"if","locations":[{"start":{"line":467,"column":4},"end":{"line":467,"column":4}},{"start":{"line":467,"column":4},"end":{"line":467,"column":4}}]},"29":{"line":469,"type":"if","locations":[{"start":{"line":469,"column":4},"end":{"line":469,"column":4}},{"start":{"line":469,"column":4},"end":{"line":469,"column":4}}]},"30":{"line":476,"type":"if","locations":[{"start":{"line":476,"column":8},"end":{"line":476,"column":8}},{"start":{"line":476,"column":8},"end":{"line":476,"column":8}}]},"31":{"line":483,"type":"if","locations":[{"start":{"line":483,"column":16},"end":{"line":483,"column":16}},{"start":{"line":483,"column":16},"end":{"line":483,"column":16}}]},"32":{"line":492,"type":"if","locations":[{"start":{"line":492,"column":24},"end":{"line":492,"column":24}},{"start":{"line":492,"column":24},"end":{"line":492,"column":24}}]},"33":{"line":498,"type":"if","locations":[{"start":{"line":498,"column":20},"end":{"line":498,"column":20}},{"start":{"line":498,"column":20},"end":{"line":498,"column":20}}]},"34":{"line":506,"type":"if","locations":[{"start":{"line":506,"column":16},"end":{"line":506,"column":16}},{"start":{"line":506,"column":16},"end":{"line":506,"column":16}}]},"35":{"line":523,"type":"if","locations":[{"start":{"line":523,"column":16},"end":{"line":523,"column":16}},{"start":{"line":523,"column":16},"end":{"line":523,"column":16}}]}}},"/home/daniel/Desktop/Bachelorarbeit/TransliterationApplication/src/database.js":{"path":"/home/daniel/Desktop/Bachelorarbeit/TransliterationApplication/src/database.js","s":{"1":1,"2":1,"3":1,"4":1,"5":1,"6":1,"7":6,"8":6,"9":1,"10":1,"11":5,"12":5,"13":4,"14":1,"15":1,"16":1,"17":4,"18":4,"19":3,"20":3,"21":1,"22":1,"23":1,"24":1,"25":1,"26":1,"27":6,"28":1,"29":2,"30":2,"31":1,"32":988,"33":987,"34":1,"35":1,"36":987,"37":1,"38":4,"39":4,"40":1,"41":6,"42":6,"43":1,"44":4,"45":3,"46":1,"47":1,"48":308,"49":308,"50":308,"51":308,"52":308,"53":308,"54":2,"55":2,"56":2,"57":0,"58":2,"59":1,"60":1,"61":1,"62":1,"63":1,"64":1,"65":308,"66":308,"67":308,"68":308,"69":308,"70":308,"71":0,"72":308,"73":0,"74":0,"75":308,"76":1,"77":306,"78":306,"79":306,"80":306,"81":306,"82":306,"83":306,"84":0,"85":0,"86":306,"87":1,"88":0,"89":0,"90":0,"91":0,"92":0,"93":0,"94":0,"95":0,"96":0,"97":0,"98":1,"99":0,"100":0,"101":0,"102":0,"103":0,"104":0,"105":0,"106":0,"107":0,"108":0,"109":0,"110":0,"111":1,"112":308,"113":308,"114":308,"115":308,"116":308,"117":308,"118":0,"119":0,"120":0,"121":0,"122":0,"123":0,"124":1,"125":6,"126":6,"127":6,"128":6,"129":6,"130":6,"131":6,"132":6,"133":6,"134":0,"135":1,"136":0,"137":0,"138":0,"139":0,"140":0,"141":0,"142":0,"143":0,"144":0,"145":1,"146":2,"147":1,"148":2,"149":2,"150":2,"151":1,"152":1,"153":1,"154":0,"155":0,"156":1,"157":1,"158":0,"159":0,"160":1,"161":2,"162":2,"163":2,"164":2,"165":2,"166":2,"167":2,"168":2,"169":1,"170":1,"171":1,"172":1,"173":1,"174":1,"175":1,"176":1,"177":0,"178":0,"179":1,"180":1,"181":20,"182":20,"183":20,"184":20,"185":20,"186":20,"187":0,"188":0,"189":0,"190":20,"191":1,"192":13,"193":13,"194":13,"195":13,"196":13,"197":0,"198":13,"199":1,"200":1,"201":1,"202":1,"203":1,"204":1,"205":2,"206":1,"207":1,"208":1,"209":1,"210":1,"211":1,"212":1,"213":1,"214":1,"215":1,"216":1,"217":1,"218":2,"219":2,"220":2,"221":2,"222":2,"223":35,"224":2,"225":2,"226":1,"227":2,"228":2,"229":2,"230":2,"231":2,"232":4,"233":2,"234":0,"235":0,"236":2,"237":1},"b":{"1":[1,1],"2":[1,5],"3":[987,1],"4":[2,306],"5":[2,0],"6":[0,2],"7":[2,2,0],"8":[1,1],"9":[2,2,2],"10":[1,0],"11":[1,0],"12":[0,308],"13":[0,0],"14":[1,1],"15":[1,1],"16":[2,1],"17":[2,2]},"f":{"1":6,"2":6,"3":1,"4":3,"5":1,"6":2,"7":988,"8":987,"9":4,"10":6,"11":4,"12":3,"13":1,"14":308,"15":308,"16":0,"17":306,"18":306,"19":0,"20":0,"21":0,"22":0,"23":0,"24":0,"25":0,"26":308,"27":308,"28":308,"29":308,"30":0,"31":0,"32":0,"33":6,"34":6,"35":0,"36":0,"37":0,"38":0,"39":2,"40":2,"41":1,"42":0,"43":0,"44":2,"45":2,"46":1,"47":1,"48":0,"49":20,"50":20,"51":0,"52":13,"53":13,"54":0,"55":1,"56":1,"57":1,"58":1,"59":2,"60":2,"61":2,"62":2,"63":0},"fnMap":{"1":{"name":"(anonymous_1)","line":60,"loc":{"start":{"line":60,"column":17},"end":{"line":60,"column":47}}},"2":{"name":"(anonymous_2)","line":61,"loc":{"start":{"line":61,"column":24},"end":{"line":61,"column":50}}},"3":{"name":"(anonymous_3)","line":73,"loc":{"start":{"line":73,"column":43},"end":{"line":73,"column":60}}},"4":{"name":"(anonymous_4)","line":81,"loc":{"start":{"line":81,"column":20},"end":{"line":81,"column":31}}},"5":{"name":"(anonymous_5)","line":85,"loc":{"start":{"line":85,"column":20},"end":{"line":85,"column":34}}},"6":{"name":"(anonymous_6)","line":108,"loc":{"start":{"line":108,"column":18},"end":{"line":108,"column":29}}},"7":{"name":"(anonymous_7)","line":122,"loc":{"start":{"line":122,"column":23},"end":{"line":122,"column":34}}},"8":{"name":"(anonymous_8)","line":136,"loc":{"start":{"line":136,"column":24},"end":{"line":136,"column":36}}},"9":{"name":"(anonymous_9)","line":147,"loc":{"start":{"line":147,"column":28},"end":{"line":147,"column":39}}},"10":{"name":"(anonymous_10)","line":159,"loc":{"start":{"line":159,"column":31},"end":{"line":159,"column":42}}},"11":{"name":"(anonymous_11)","line":171,"loc":{"start":{"line":171,"column":16},"end":{"line":171,"column":35}}},"12":{"name":"(anonymous_12)","line":172,"loc":{"start":{"line":172,"column":47},"end":{"line":172,"column":57}}},"13":{"name":"(anonymous_13)","line":174,"loc":{"start":{"line":174,"column":7},"end":{"line":174,"column":17}}},"14":{"name":"(anonymous_14)","line":193,"loc":{"start":{"line":193,"column":21},"end":{"line":193,"column":52}}},"15":{"name":"(anonymous_15)","line":226,"loc":{"start":{"line":226,"column":14},"end":{"line":226,"column":32}}},"16":{"name":"(anonymous_16)","line":236,"loc":{"start":{"line":236,"column":11},"end":{"line":236,"column":25}}},"17":{"name":"(anonymous_17)","line":252,"loc":{"start":{"line":252,"column":21},"end":{"line":252,"column":40}}},"18":{"name":"(anonymous_18)","line":257,"loc":{"start":{"line":257,"column":14},"end":{"line":257,"column":32}}},"19":{"name":"(anonymous_19)","line":264,"loc":{"start":{"line":264,"column":11},"end":{"line":264,"column":25}}},"20":{"name":"(anonymous_20)","line":271,"loc":{"start":{"line":271,"column":30},"end":{"line":271,"column":48}}},"21":{"name":"(anonymous_21)","line":276,"loc":{"start":{"line":276,"column":14},"end":{"line":276,"column":32}}},"22":{"name":"(anonymous_22)","line":283,"loc":{"start":{"line":283,"column":11},"end":{"line":283,"column":25}}},"23":{"name":"(anonymous_23)","line":295,"loc":{"start":{"line":295,"column":37},"end":{"line":295,"column":55}}},"24":{"name":"(anonymous_24)","line":306,"loc":{"start":{"line":306,"column":14},"end":{"line":306,"column":32}}},"25":{"name":"(anonymous_25)","line":316,"loc":{"start":{"line":316,"column":11},"end":{"line":316,"column":25}}},"26":{"name":"(anonymous_26)","line":330,"loc":{"start":{"line":330,"column":30},"end":{"line":330,"column":44}}},"27":{"name":"(anonymous_27)","line":336,"loc":{"start":{"line":336,"column":14},"end":{"line":336,"column":32}}},"28":{"name":"(anonymous_28)","line":341,"loc":{"start":{"line":341,"column":22},"end":{"line":341,"column":38}}},"29":{"name":"(anonymous_29)","line":346,"loc":{"start":{"line":346,"column":30},"end":{"line":346,"column":46}}},"30":{"name":"(anonymous_30)","line":349,"loc":{"start":{"line":349,"column":27},"end":{"line":349,"column":40}}},"31":{"name":"(anonymous_31)","line":354,"loc":{"start":{"line":354,"column":19},"end":{"line":354,"column":32}}},"32":{"name":"(anonymous_32)","line":358,"loc":{"start":{"line":358,"column":11},"end":{"line":358,"column":26}}},"33":{"name":"(anonymous_33)","line":374,"loc":{"start":{"line":374,"column":24},"end":{"line":374,"column":58}}},"34":{"name":"(anonymous_34)","line":384,"loc":{"start":{"line":384,"column":14},"end":{"line":384,"column":30}}},"35":{"name":"(anonymous_35)","line":391,"loc":{"start":{"line":391,"column":11},"end":{"line":391,"column":24}}},"36":{"name":"(anonymous_36)","line":394,"loc":{"start":{"line":394,"column":35},"end":{"line":394,"column":66}}},"37":{"name":"(anonymous_37)","line":405,"loc":{"start":{"line":405,"column":11},"end":{"line":405,"column":27}}},"38":{"name":"(anonymous_38)","line":412,"loc":{"start":{"line":412,"column":7},"end":{"line":412,"column":20}}},"39":{"name":"(anonymous_39)","line":428,"loc":{"start":{"line":428,"column":27},"end":{"line":428,"column":81}}},"40":{"name":"(anonymous_40)","line":434,"loc":{"start":{"line":434,"column":14},"end":{"line":434,"column":32}}},"41":{"name":"(anonymous_41)","line":440,"loc":{"start":{"line":440,"column":28},"end":{"line":440,"column":46}}},"42":{"name":"(anonymous_42)","line":443,"loc":{"start":{"line":443,"column":31},"end":{"line":443,"column":46}}},"43":{"name":"(anonymous_43)","line":452,"loc":{"start":{"line":452,"column":15},"end":{"line":452,"column":30}}},"44":{"name":"(anonymous_44)","line":468,"loc":{"start":{"line":468,"column":24},"end":{"line":468,"column":65}}},"45":{"name":"(anonymous_45)","line":473,"loc":{"start":{"line":473,"column":14},"end":{"line":473,"column":32}}},"46":{"name":"(anonymous_46)","line":493,"loc":{"start":{"line":493,"column":30},"end":{"line":493,"column":62}}},"47":{"name":"(anonymous_47)","line":499,"loc":{"start":{"line":499,"column":14},"end":{"line":499,"column":32}}},"48":{"name":"(anonymous_48)","line":506,"loc":{"start":{"line":506,"column":11},"end":{"line":506,"column":24}}},"49":{"name":"(anonymous_49)","line":524,"loc":{"start":{"line":524,"column":20},"end":{"line":524,"column":69}}},"50":{"name":"(anonymous_50)","line":536,"loc":{"start":{"line":536,"column":14},"end":{"line":536,"column":32}}},"51":{"name":"(anonymous_51)","line":540,"loc":{"start":{"line":540,"column":11},"end":{"line":540,"column":24}}},"52":{"name":"(anonymous_52)","line":562,"loc":{"start":{"line":562,"column":20},"end":{"line":562,"column":95}}},"53":{"name":"(anonymous_53)","line":575,"loc":{"start":{"line":575,"column":14},"end":{"line":575,"column":32}}},"54":{"name":"(anonymous_54)","line":578,"loc":{"start":{"line":578,"column":11},"end":{"line":578,"column":25}}},"55":{"name":"(anonymous_55)","line":607,"loc":{"start":{"line":607,"column":26},"end":{"line":607,"column":37}}},"56":{"name":"(anonymous_56)","line":618,"loc":{"start":{"line":618,"column":14},"end":{"line":618,"column":32}}},"57":{"name":"(anonymous_57)","line":636,"loc":{"start":{"line":636,"column":37},"end":{"line":636,"column":56}}},"58":{"name":"(anonymous_58)","line":653,"loc":{"start":{"line":653,"column":14},"end":{"line":653,"column":32}}},"59":{"name":"(anonymous_59)","line":674,"loc":{"start":{"line":674,"column":43},"end":{"line":674,"column":67}}},"60":{"name":"(anonymous_60)","line":681,"loc":{"start":{"line":681,"column":14},"end":{"line":681,"column":32}}},"61":{"name":"(anonymous_61)","line":703,"loc":{"start":{"line":703,"column":45},"end":{"line":703,"column":79}}},"62":{"name":"(anonymous_62)","line":713,"loc":{"start":{"line":713,"column":14},"end":{"line":713,"column":32}}},"63":{"name":"(anonymous_63)","line":721,"loc":{"start":{"line":721,"column":8},"end":{"line":721,"column":23}}}},"statementMap":{"1":{"start":{"line":1,"column":0},"end":{"line":1,"column":39}},"2":{"start":{"line":22,"column":0},"end":{"line":22,"column":30}},"3":{"start":{"line":31,"column":0},"end":{"line":31,"column":29}},"4":{"start":{"line":41,"column":0},"end":{"line":41,"column":24}},"5":{"start":{"line":50,"column":0},"end":{"line":50,"column":27}},"6":{"start":{"line":60,"column":0},"end":{"line":99,"column":2}},"7":{"start":{"line":61,"column":4},"end":{"line":97,"column":7}},"8":{"start":{"line":63,"column":8},"end":{"line":96,"column":9}},"9":{"start":{"line":64,"column":12},"end":{"line":64,"column":38}},"10":{"start":{"line":65,"column":12},"end":{"line":65,"column":22}},"11":{"start":{"line":67,"column":12},"end":{"line":95,"column":13}},"12":{"start":{"line":68,"column":16},"end":{"line":68,"column":87}},"13":{"start":{"line":73,"column":16},"end":{"line":77,"column":18}},"14":{"start":{"line":74,"column":20},"end":{"line":74,"column":44}},"15":{"start":{"line":75,"column":24},"end":{"line":75,"column":51}},"16":{"start":{"line":76,"column":24},"end":{"line":76,"column":38}},"17":{"start":{"line":79,"column":16},"end":{"line":79,"column":54}},"18":{"start":{"line":80,"column":16},"end":{"line":90,"column":18}},"19":{"start":{"line":82,"column":24},"end":{"line":82,"column":50}},"20":{"start":{"line":83,"column":24},"end":{"line":83,"column":34}},"21":{"start":{"line":86,"column":24},"end":{"line":86,"column":48}},"22":{"start":{"line":87,"column":24},"end":{"line":87,"column":51}},"23":{"start":{"line":88,"column":24},"end":{"line":88,"column":36}},"24":{"start":{"line":92,"column":16},"end":{"line":92,"column":40}},"25":{"start":{"line":93,"column":16},"end":{"line":93,"column":43}},"26":{"start":{"line":94,"column":16},"end":{"line":94,"column":35}},"27":{"start":{"line":98,"column":4},"end":{"line":98,"column":13}},"28":{"start":{"line":108,"column":0},"end":{"line":111,"column":2}},"29":{"start":{"line":109,"column":4},"end":{"line":109,"column":28}},"30":{"start":{"line":110,"column":4},"end":{"line":110,"column":31}},"31":{"start":{"line":122,"column":0},"end":{"line":127,"column":2}},"32":{"start":{"line":123,"column":4},"end":{"line":125,"column":5}},"33":{"start":{"line":124,"column":8},"end":{"line":124,"column":28}},"34":{"start":{"line":126,"column":4},"end":{"line":126,"column":17}},"35":{"start":{"line":136,"column":0},"end":{"line":138,"column":2}},"36":{"start":{"line":137,"column":4},"end":{"line":137,"column":40}},"37":{"start":{"line":147,"column":0},"end":{"line":150,"column":2}},"38":{"start":{"line":148,"column":4},"end":{"line":148,"column":38}},"39":{"start":{"line":149,"column":4},"end":{"line":149,"column":88}},"40":{"start":{"line":159,"column":0},"end":{"line":162,"column":2}},"41":{"start":{"line":160,"column":4},"end":{"line":160,"column":38}},"42":{"start":{"line":161,"column":4},"end":{"line":161,"column":86}},"43":{"start":{"line":171,"column":0},"end":{"line":177,"column":2}},"44":{"start":{"line":172,"column":4},"end":{"line":176,"column":7}},"45":{"start":{"line":173,"column":8},"end":{"line":173,"column":42}},"46":{"start":{"line":175,"column":8},"end":{"line":175,"column":42}},"47":{"start":{"line":193,"column":0},"end":{"line":241,"column":2}},"48":{"start":{"line":194,"column":4},"end":{"line":194,"column":38}},"49":{"start":{"line":195,"column":4},"end":{"line":195,"column":23}},"50":{"start":{"line":196,"column":4},"end":{"line":196,"column":46}},"51":{"start":{"line":197,"column":4},"end":{"line":197,"column":109}},"52":{"start":{"line":198,"column":4},"end":{"line":198,"column":25}},"53":{"start":{"line":199,"column":4},"end":{"line":223,"column":5}},"54":{"start":{"line":200,"column":8},"end":{"line":202,"column":37}},"55":{"start":{"line":203,"column":8},"end":{"line":203,"column":44}},"56":{"start":{"line":204,"column":8},"end":{"line":210,"column":9}},"57":{"start":{"line":206,"column":12},"end":{"line":209,"column":15}},"58":{"start":{"line":212,"column":8},"end":{"line":222,"column":9}},"59":{"start":{"line":214,"column":12},"end":{"line":214,"column":61}},"60":{"start":{"line":215,"column":12},"end":{"line":221,"column":13}},"61":{"start":{"line":216,"column":16},"end":{"line":216,"column":51}},"62":{"start":{"line":217,"column":16},"end":{"line":217,"column":70}},"63":{"start":{"line":218,"column":16},"end":{"line":220,"column":17}},"64":{"start":{"line":219,"column":20},"end":{"line":219,"column":46}},"65":{"start":{"line":224,"column":4},"end":{"line":239,"column":11}},"66":{"start":{"line":227,"column":12},"end":{"line":227,"column":28}},"67":{"start":{"line":228,"column":12},"end":{"line":228,"column":29}},"68":{"start":{"line":229,"column":12},"end":{"line":231,"column":13}},"69":{"start":{"line":230,"column":16},"end":{"line":230,"column":48}},"70":{"start":{"line":232,"column":12},"end":{"line":234,"column":13}},"71":{"start":{"line":233,"column":16},"end":{"line":233,"column":53}},"72":{"start":{"line":235,"column":12},"end":{"line":235,"column":30}},"73":{"start":{"line":237,"column":12},"end":{"line":237,"column":28}},"74":{"start":{"line":238,"column":12},"end":{"line":238,"column":23}},"75":{"start":{"line":240,"column":4},"end":{"line":240,"column":13}},"76":{"start":{"line":252,"column":0},"end":{"line":269,"column":2}},"77":{"start":{"line":254,"column":4},"end":{"line":254,"column":38}},"78":{"start":{"line":255,"column":4},"end":{"line":267,"column":11}},"79":{"start":{"line":258,"column":12},"end":{"line":258,"column":28}},"80":{"start":{"line":259,"column":12},"end":{"line":259,"column":29}},"81":{"start":{"line":260,"column":12},"end":{"line":262,"column":13}},"82":{"start":{"line":261,"column":16},"end":{"line":261,"column":48}},"83":{"start":{"line":263,"column":12},"end":{"line":263,"column":30}},"84":{"start":{"line":265,"column":12},"end":{"line":265,"column":28}},"85":{"start":{"line":266,"column":12},"end":{"line":266,"column":23}},"86":{"start":{"line":268,"column":4},"end":{"line":268,"column":16}},"87":{"start":{"line":271,"column":0},"end":{"line":288,"column":2}},"88":{"start":{"line":272,"column":4},"end":{"line":272,"column":38}},"89":{"start":{"line":273,"column":4},"end":{"line":286,"column":11}},"90":{"start":{"line":277,"column":12},"end":{"line":277,"column":28}},"91":{"start":{"line":278,"column":12},"end":{"line":278,"column":29}},"92":{"start":{"line":279,"column":12},"end":{"line":281,"column":13}},"93":{"start":{"line":280,"column":16},"end":{"line":280,"column":48}},"94":{"start":{"line":282,"column":12},"end":{"line":282,"column":30}},"95":{"start":{"line":284,"column":12},"end":{"line":284,"column":28}},"96":{"start":{"line":285,"column":12},"end":{"line":285,"column":23}},"97":{"start":{"line":287,"column":4},"end":{"line":287,"column":16}},"98":{"start":{"line":295,"column":0},"end":{"line":321,"column":2}},"99":{"start":{"line":296,"column":4},"end":{"line":296,"column":38}},"100":{"start":{"line":297,"column":4},"end":{"line":319,"column":11}},"101":{"start":{"line":307,"column":12},"end":{"line":307,"column":28}},"102":{"start":{"line":308,"column":12},"end":{"line":308,"column":29}},"103":{"start":{"line":309,"column":12},"end":{"line":311,"column":13}},"104":{"start":{"line":310,"column":16},"end":{"line":310,"column":48}},"105":{"start":{"line":312,"column":12},"end":{"line":314,"column":13}},"106":{"start":{"line":313,"column":16},"end":{"line":313,"column":28}},"107":{"start":{"line":315,"column":12},"end":{"line":315,"column":30}},"108":{"start":{"line":317,"column":12},"end":{"line":317,"column":28}},"109":{"start":{"line":318,"column":12},"end":{"line":318,"column":23}},"110":{"start":{"line":320,"column":4},"end":{"line":320,"column":16}},"111":{"start":{"line":330,"column":0},"end":{"line":362,"column":2}},"112":{"start":{"line":331,"column":4},"end":{"line":331,"column":38}},"113":{"start":{"line":332,"column":4},"end":{"line":361,"column":11}},"114":{"start":{"line":337,"column":12},"end":{"line":357,"column":19}},"115":{"start":{"line":342,"column":20},"end":{"line":352,"column":27}},"116":{"start":{"line":347,"column":28},"end":{"line":347,"column":44}},"117":{"start":{"line":348,"column":28},"end":{"line":348,"column":42}},"118":{"start":{"line":350,"column":28},"end":{"line":350,"column":44}},"119":{"start":{"line":351,"column":28},"end":{"line":351,"column":39}},"120":{"start":{"line":355,"column":20},"end":{"line":355,"column":36}},"121":{"start":{"line":356,"column":20},"end":{"line":356,"column":31}},"122":{"start":{"line":359,"column":12},"end":{"line":359,"column":28}},"123":{"start":{"line":360,"column":12},"end":{"line":360,"column":23}},"124":{"start":{"line":374,"column":0},"end":{"line":392,"column":2}},"125":{"start":{"line":375,"column":4},"end":{"line":375,"column":38}},"126":{"start":{"line":376,"column":4},"end":{"line":376,"column":23}},"127":{"start":{"line":377,"column":4},"end":{"line":377,"column":46}},"128":{"start":{"line":378,"column":4},"end":{"line":391,"column":38}},"129":{"start":{"line":385,"column":12},"end":{"line":385,"column":28}},"130":{"start":{"line":386,"column":12},"end":{"line":386,"column":29}},"131":{"start":{"line":387,"column":12},"end":{"line":389,"column":13}},"132":{"start":{"line":388,"column":16},"end":{"line":388,"column":48}},"133":{"start":{"line":390,"column":12},"end":{"line":390,"column":30}},"134":{"start":{"line":391,"column":25},"end":{"line":391,"column":36}},"135":{"start":{"line":394,"column":0},"end":{"line":417,"column":2}},"136":{"start":{"line":395,"column":4},"end":{"line":395,"column":38}},"137":{"start":{"line":396,"column":4},"end":{"line":415,"column":7}},"138":{"start":{"line":406,"column":8},"end":{"line":406,"column":24}},"139":{"start":{"line":407,"column":8},"end":{"line":407,"column":25}},"140":{"start":{"line":408,"column":8},"end":{"line":410,"column":9}},"141":{"start":{"line":409,"column":12},"end":{"line":409,"column":44}},"142":{"start":{"line":411,"column":8},"end":{"line":411,"column":26}},"143":{"start":{"line":413,"column":8},"end":{"line":413,"column":24}},"144":{"start":{"line":414,"column":8},"end":{"line":414,"column":19}},"145":{"start":{"line":428,"column":0},"end":{"line":458,"column":2}},"146":{"start":{"line":429,"column":4},"end":{"line":429,"column":72}},"147":{"start":{"line":429,"column":45},"end":{"line":429,"column":71}},"148":{"start":{"line":430,"column":4},"end":{"line":430,"column":38}},"149":{"start":{"line":431,"column":4},"end":{"line":457,"column":10}},"150":{"start":{"line":435,"column":16},"end":{"line":451,"column":17}},"151":{"start":{"line":436,"column":20},"end":{"line":447,"column":26}},"152":{"start":{"line":441,"column":32},"end":{"line":441,"column":48}},"153":{"start":{"line":442,"column":32},"end":{"line":442,"column":46}},"154":{"start":{"line":444,"column":32},"end":{"line":444,"column":48}},"155":{"start":{"line":445,"column":32},"end":{"line":445,"column":43}},"156":{"start":{"line":449,"column":20},"end":{"line":449,"column":36}},"157":{"start":{"line":450,"column":20},"end":{"line":450,"column":35}},"158":{"start":{"line":453,"column":16},"end":{"line":453,"column":32}},"159":{"start":{"line":454,"column":16},"end":{"line":454,"column":27}},"160":{"start":{"line":468,"column":0},"end":{"line":482,"column":2}},"161":{"start":{"line":469,"column":4},"end":{"line":469,"column":38}},"162":{"start":{"line":470,"column":4},"end":{"line":480,"column":11}},"163":{"start":{"line":474,"column":12},"end":{"line":474,"column":28}},"164":{"start":{"line":475,"column":12},"end":{"line":475,"column":29}},"165":{"start":{"line":476,"column":12},"end":{"line":478,"column":13}},"166":{"start":{"line":477,"column":16},"end":{"line":477,"column":48}},"167":{"start":{"line":479,"column":12},"end":{"line":479,"column":30}},"168":{"start":{"line":481,"column":4},"end":{"line":481,"column":16}},"169":{"start":{"line":493,"column":0},"end":{"line":511,"column":2}},"170":{"start":{"line":494,"column":4},"end":{"line":494,"column":38}},"171":{"start":{"line":495,"column":4},"end":{"line":509,"column":11}},"172":{"start":{"line":500,"column":12},"end":{"line":500,"column":28}},"173":{"start":{"line":501,"column":12},"end":{"line":501,"column":29}},"174":{"start":{"line":502,"column":12},"end":{"line":504,"column":13}},"175":{"start":{"line":503,"column":16},"end":{"line":503,"column":48}},"176":{"start":{"line":505,"column":12},"end":{"line":505,"column":30}},"177":{"start":{"line":507,"column":12},"end":{"line":507,"column":28}},"178":{"start":{"line":508,"column":12},"end":{"line":508,"column":23}},"179":{"start":{"line":510,"column":4},"end":{"line":510,"column":16}},"180":{"start":{"line":524,"column":0},"end":{"line":546,"column":2}},"181":{"start":{"line":527,"column":4},"end":{"line":527,"column":40}},"182":{"start":{"line":528,"column":4},"end":{"line":528,"column":38}},"183":{"start":{"line":529,"column":4},"end":{"line":544,"column":11}},"184":{"start":{"line":537,"column":12},"end":{"line":537,"column":28}},"185":{"start":{"line":538,"column":12},"end":{"line":538,"column":94}},"186":{"start":{"line":539,"column":12},"end":{"line":539,"column":43}},"187":{"start":{"line":541,"column":12},"end":{"line":541,"column":28}},"188":{"start":{"line":542,"column":12},"end":{"line":542,"column":29}},"189":{"start":{"line":543,"column":12},"end":{"line":543,"column":23}},"190":{"start":{"line":545,"column":4},"end":{"line":545,"column":16}},"191":{"start":{"line":562,"column":0},"end":{"line":582,"column":2}},"192":{"start":{"line":563,"column":4},"end":{"line":563,"column":40}},"193":{"start":{"line":564,"column":4},"end":{"line":564,"column":38}},"194":{"start":{"line":565,"column":4},"end":{"line":580,"column":11}},"195":{"start":{"line":576,"column":12},"end":{"line":576,"column":28}},"196":{"start":{"line":577,"column":12},"end":{"line":577,"column":26}},"197":{"start":{"line":579,"column":12},"end":{"line":579,"column":28}},"198":{"start":{"line":581,"column":4},"end":{"line":581,"column":16}},"199":{"start":{"line":607,"column":0},"end":{"line":627,"column":2}},"200":{"start":{"line":609,"column":4},"end":{"line":609,"column":38}},"201":{"start":{"line":610,"column":4},"end":{"line":625,"column":11}},"202":{"start":{"line":619,"column":12},"end":{"line":619,"column":28}},"203":{"start":{"line":620,"column":12},"end":{"line":620,"column":29}},"204":{"start":{"line":621,"column":12},"end":{"line":623,"column":13}},"205":{"start":{"line":622,"column":16},"end":{"line":622,"column":48}},"206":{"start":{"line":624,"column":12},"end":{"line":624,"column":27}},"207":{"start":{"line":626,"column":4},"end":{"line":626,"column":16}},"208":{"start":{"line":636,"column":0},"end":{"line":662,"column":2}},"209":{"start":{"line":637,"column":4},"end":{"line":637,"column":38}},"210":{"start":{"line":638,"column":4},"end":{"line":660,"column":11}},"211":{"start":{"line":654,"column":12},"end":{"line":654,"column":28}},"212":{"start":{"line":655,"column":12},"end":{"line":655,"column":29}},"213":{"start":{"line":656,"column":12},"end":{"line":658,"column":13}},"214":{"start":{"line":657,"column":16},"end":{"line":657,"column":48}},"215":{"start":{"line":659,"column":12},"end":{"line":659,"column":27}},"216":{"start":{"line":661,"column":4},"end":{"line":661,"column":16}},"217":{"start":{"line":674,"column":0},"end":{"line":690,"column":2}},"218":{"start":{"line":675,"column":4},"end":{"line":675,"column":38}},"219":{"start":{"line":676,"column":4},"end":{"line":688,"column":11}},"220":{"start":{"line":682,"column":12},"end":{"line":682,"column":28}},"221":{"start":{"line":683,"column":12},"end":{"line":683,"column":26}},"222":{"start":{"line":684,"column":12},"end":{"line":686,"column":13}},"223":{"start":{"line":685,"column":16},"end":{"line":685,"column":59}},"224":{"start":{"line":687,"column":12},"end":{"line":687,"column":24}},"225":{"start":{"line":689,"column":4},"end":{"line":689,"column":16}},"226":{"start":{"line":703,"column":0},"end":{"line":726,"column":2}},"227":{"start":{"line":704,"column":4},"end":{"line":704,"column":38}},"228":{"start":{"line":705,"column":4},"end":{"line":724,"column":11}},"229":{"start":{"line":714,"column":12},"end":{"line":714,"column":28}},"230":{"start":{"line":715,"column":12},"end":{"line":715,"column":28}},"231":{"start":{"line":716,"column":12},"end":{"line":718,"column":13}},"232":{"start":{"line":717,"column":16},"end":{"line":717,"column":61}},"233":{"start":{"line":719,"column":12},"end":{"line":719,"column":26}},"234":{"start":{"line":722,"column":12},"end":{"line":722,"column":28}},"235":{"start":{"line":723,"column":12},"end":{"line":723,"column":23}},"236":{"start":{"line":725,"column":4},"end":{"line":725,"column":16}},"237":{"start":{"line":728,"column":0},"end":{"line":728,"column":26}}},"branchMap":{"1":{"line":22,"type":"binary-expr","locations":[{"start":{"line":22,"column":15},"end":{"line":22,"column":23}},{"start":{"line":22,"column":27},"end":{"line":22,"column":29}}]},"2":{"line":63,"type":"if","locations":[{"start":{"line":63,"column":8},"end":{"line":63,"column":8}},{"start":{"line":63,"column":8},"end":{"line":63,"column":8}}]},"3":{"line":123,"type":"if","locations":[{"start":{"line":123,"column":4},"end":{"line":123,"column":4}},{"start":{"line":123,"column":4},"end":{"line":123,"column":4}}]},"4":{"line":199,"type":"if","locations":[{"start":{"line":199,"column":4},"end":{"line":199,"column":4}},{"start":{"line":199,"column":4},"end":{"line":199,"column":4}}]},"5":{"line":203,"type":"binary-expr","locations":[{"start":{"line":203,"column":21},"end":{"line":203,"column":37}},{"start":{"line":203,"column":41},"end":{"line":203,"column":43}}]},"6":{"line":204,"type":"if","locations":[{"start":{"line":204,"column":8},"end":{"line":204,"column":8}},{"start":{"line":204,"column":8},"end":{"line":204,"column":8}}]},"7":{"line":204,"type":"binary-expr","locations":[{"start":{"line":204,"column":12},"end":{"line":204,"column":44}},{"start":{"line":204,"column":48},"end":{"line":204,"column":98}},{"start":{"line":205,"column":15},"end":{"line":205,"column":66}}]},"8":{"line":212,"type":"if","locations":[{"start":{"line":212,"column":8},"end":{"line":212,"column":8}},{"start":{"line":212,"column":8},"end":{"line":212,"column":8}}]},"9":{"line":212,"type":"binary-expr","locations":[{"start":{"line":212,"column":12},"end":{"line":212,"column":21}},{"start":{"line":212,"column":25},"end":{"line":212,"column":57}},{"start":{"line":212,"column":61},"end":{"line":212,"column":107}}]},"10":{"line":215,"type":"if","locations":[{"start":{"line":215,"column":12},"end":{"line":215,"column":12}},{"start":{"line":215,"column":12},"end":{"line":215,"column":12}}]},"11":{"line":218,"type":"if","locations":[{"start":{"line":218,"column":16},"end":{"line":218,"column":16}},{"start":{"line":218,"column":16},"end":{"line":218,"column":16}}]},"12":{"line":232,"type":"if","locations":[{"start":{"line":232,"column":12},"end":{"line":232,"column":12}},{"start":{"line":232,"column":12},"end":{"line":232,"column":12}}]},"13":{"line":312,"type":"if","locations":[{"start":{"line":312,"column":12},"end":{"line":312,"column":12}},{"start":{"line":312,"column":12},"end":{"line":312,"column":12}}]},"14":{"line":429,"type":"if","locations":[{"start":{"line":429,"column":4},"end":{"line":429,"column":4}},{"start":{"line":429,"column":4},"end":{"line":429,"column":4}}]},"15":{"line":435,"type":"if","locations":[{"start":{"line":435,"column":16},"end":{"line":435,"column":16}},{"start":{"line":435,"column":16},"end":{"line":435,"column":16}}]},"16":{"line":680,"type":"binary-expr","locations":[{"start":{"line":680,"column":49},"end":{"line":680,"column":62}},{"start":{"line":680,"column":66},"end":{"line":680,"column":68}}]},"17":{"line":711,"type":"binary-expr","locations":[{"start":{"line":711,"column":27},"end":{"line":711,"column":40}},{"start":{"line":711,"column":44},"end":{"line":711,"column":46}}]}}},"/home/daniel/Desktop/Bachelorarbeit/TransliterationApplication/src/utils.js":{"path":"/home/daniel/Desktop/Bachelorarbeit/TransliterationApplication/src/utils.js","s":{"1":1,"2":1,"3":1,"4":5,"5":5,"6":5,"7":2,"8":3,"9":0,"10":1,"11":1,"12":1,"13":2,"14":2,"15":1,"16":1,"17":1,"18":1,"19":0,"20":1,"21":0,"22":1,"23":0,"24":1,"25":0,"26":0,"27":0,"28":0,"29":1,"30":0,"31":0,"32":0,"33":0,"34":0,"35":0,"36":1,"37":0,"38":0,"39":0,"40":0,"41":0,"42":0,"43":1,"44":0,"45":0,"46":0,"47":0,"48":0,"49":0,"50":0,"51":0,"52":0,"53":0,"54":0,"55":0,"56":0,"57":0,"58":0,"59":0,"60":1,"61":0,"62":0,"63":0,"64":0,"65":0,"66":1,"67":0,"68":0,"69":0,"70":0,"71":0,"72":0,"73":0,"74":0,"75":0,"76":0,"77":0,"78":0,"79":0,"80":0,"81":0,"82":0,"83":0,"84":0,"85":0,"86":0,"87":0,"88":0,"89":1,"90":0,"91":0,"92":0,"93":0,"94":1,"95":0,"96":0,"97":0,"98":0,"99":0,"100":0,"101":0,"102":0,"103":0,"104":0,"105":0,"106":0,"107":0,"108":0,"109":0,"110":0,"111":0,"112":0,"113":0,"114":0,"115":0,"116":0,"117":0,"118":0,"119":0,"120":0,"121":0,"122":0,"123":1,"124":0,"125":0,"126":0,"127":0,"128":0,"129":1,"130":1,"131":1,"132":1,"133":0,"134":0,"135":0,"136":0,"137":0,"138":0,"139":0,"140":0,"141":0,"142":0,"143":0,"144":0,"145":0,"146":0,"147":0,"148":0,"149":0,"150":0,"151":0,"152":0,"153":0,"154":0,"155":0,"156":0,"157":0,"158":0,"159":0,"160":0,"161":0,"162":0,"163":0,"164":0,"165":0,"166":0,"167":1,"168":1},"b":{"1":[2,3],"2":[2,0],"3":[0,0],"4":[0,0],"5":[0,0],"6":[0,0],"7":[0,0],"8":[0,0],"9":[0,0],"10":[0,0],"11":[0,0],"12":[0,0,0,0],"13":[0,0],"14":[0,0],"15":[0,0],"16":[0,0],"17":[0,0],"18":[0,0,0,0],"19":[0,0],"20":[0,0],"21":[0,0],"22":[0,0],"23":[0,0],"24":[0,0],"25":[0,0]},"f":{"1":5,"2":5,"3":1,"4":2,"5":1,"6":0,"7":0,"8":0,"9":0,"10":0,"11":0,"12":0,"13":0,"14":0,"15":0,"16":0,"17":0,"18":0,"19":0,"20":0,"21":0,"22":0,"23":0,"24":0,"25":0,"26":0,"27":0,"28":0,"29":0,"30":0,"31":0,"32":0,"33":0,"34":0,"35":0,"36":0,"37":0},"fnMap":{"1":{"name":"get_exif_from_image","line":8,"loc":{"start":{"line":8,"column":0},"end":{"line":8,"column":39}}},"2":{"name":"(anonymous_2)","line":10,"loc":{"start":{"line":10,"column":37},"end":{"line":10,"column":64}}},"3":{"name":"count_entities_by_label","line":23,"loc":{"start":{"line":23,"column":0},"end":{"line":23,"column":49}}},"4":{"name":"(anonymous_4)","line":25,"loc":{"start":{"line":25,"column":20},"end":{"line":25,"column":36}}},"5":{"name":"count_images_in_result","line":33,"loc":{"start":{"line":33,"column":0},"end":{"line":33,"column":40}}},"6":{"name":"count_fragments_in_result","line":37,"loc":{"start":{"line":37,"column":0},"end":{"line":37,"column":43}}},"7":{"name":"count_tokens_in_result","line":41,"loc":{"start":{"line":41,"column":0},"end":{"line":41,"column":40}}},"8":{"name":"assure_node_has_property","line":45,"loc":{"start":{"line":45,"column":0},"end":{"line":45,"column":55}}},"9":{"name":"assure_node_has_properties","line":49,"loc":{"start":{"line":49,"column":0},"end":{"line":49,"column":58}}},"10":{"name":"(anonymous_10)","line":50,"loc":{"start":{"line":50,"column":27},"end":{"line":50,"column":41}}},"11":{"name":"check_all_tokens_are_spatial","line":58,"loc":{"start":{"line":58,"column":0},"end":{"line":58,"column":47}}},"12":{"name":"(anonymous_12)","line":60,"loc":{"start":{"line":60,"column":20},"end":{"line":60,"column":36}}},"13":{"name":"check_all_images_have_dimension","line":70,"loc":{"start":{"line":70,"column":0},"end":{"line":70,"column":50}}},"14":{"name":"(anonymous_14)","line":72,"loc":{"start":{"line":72,"column":20},"end":{"line":72,"column":36}}},"15":{"name":"normalization_on_whole_image","line":82,"loc":{"start":{"line":82,"column":0},"end":{"line":82,"column":89}}},"16":{"name":"(anonymous_16)","line":84,"loc":{"start":{"line":84,"column":54},"end":{"line":84,"column":67}}},"17":{"name":"(anonymous_17)","line":105,"loc":{"start":{"line":105,"column":7},"end":{"line":105,"column":20}}},"18":{"name":"get_bounding_box_of_fragment","line":110,"loc":{"start":{"line":110,"column":0},"end":{"line":110,"column":45}}},"19":{"name":"(anonymous_19)","line":114,"loc":{"start":{"line":114,"column":8},"end":{"line":114,"column":20}}},"20":{"name":"(anonymous_20)","line":117,"loc":{"start":{"line":117,"column":8},"end":{"line":117,"column":21}}},"21":{"name":"normalization_on_bounding_box","line":124,"loc":{"start":{"line":124,"column":0},"end":{"line":124,"column":90}}},"22":{"name":"(anonymous_22)","line":125,"loc":{"start":{"line":125,"column":52},"end":{"line":125,"column":64}}},"23":{"name":"(anonymous_23)","line":171,"loc":{"start":{"line":171,"column":7},"end":{"line":171,"column":20}}},"24":{"name":"normalize_token_spatials","line":177,"loc":{"start":{"line":177,"column":0},"end":{"line":177,"column":85}}},"25":{"name":"normalize_heatmap_nodes","line":185,"loc":{"start":{"line":185,"column":0},"end":{"line":185,"column":72}}},"26":{"name":"(anonymous_26)","line":186,"loc":{"start":{"line":186,"column":24},"end":{"line":186,"column":50}}},"27":{"name":"(anonymous_27)","line":195,"loc":{"start":{"line":195,"column":24},"end":{"line":195,"column":41}}},"28":{"name":"(anonymous_28)","line":200,"loc":{"start":{"line":200,"column":12},"end":{"line":200,"column":33}}},"29":{"name":"(anonymous_29)","line":203,"loc":{"start":{"line":203,"column":36},"end":{"line":203,"column":56}}},"30":{"name":"(anonymous_30)","line":239,"loc":{"start":{"line":239,"column":12},"end":{"line":239,"column":25}}},"31":{"name":"format_heat_map_to_d3js","line":247,"loc":{"start":{"line":247,"column":0},"end":{"line":247,"column":43}}},"32":{"name":"process_heatmap_query","line":273,"loc":{"start":{"line":273,"column":0},"end":{"line":273,"column":80}}},"33":{"name":"(anonymous_33)","line":274,"loc":{"start":{"line":274,"column":24},"end":{"line":274,"column":50}}},"34":{"name":"(anonymous_34)","line":287,"loc":{"start":{"line":287,"column":12},"end":{"line":287,"column":28}}},"35":{"name":"(anonymous_35)","line":316,"loc":{"start":{"line":316,"column":84},"end":{"line":316,"column":99}}},"36":{"name":"(anonymous_36)","line":327,"loc":{"start":{"line":327,"column":19},"end":{"line":327,"column":32}}},"37":{"name":"(anonymous_37)","line":331,"loc":{"start":{"line":331,"column":12},"end":{"line":331,"column":25}}}},"statementMap":{"1":{"start":{"line":5,"column":0},"end":{"line":5,"column":42}},"2":{"start":{"line":6,"column":0},"end":{"line":6,"column":37}},"3":{"start":{"line":8,"column":0},"end":{"line":21,"column":1}},"4":{"start":{"line":9,"column":4},"end":{"line":20,"column":5}},"5":{"start":{"line":10,"column":8},"end":{"line":17,"column":11}},"6":{"start":{"line":11,"column":12},"end":{"line":16,"column":13}},"7":{"start":{"line":12,"column":16},"end":{"line":12,"column":34}},"8":{"start":{"line":15,"column":16},"end":{"line":15,"column":35}},"9":{"start":{"line":19,"column":8},"end":{"line":19,"column":47}},"10":{"start":{"line":23,"column":0},"end":{"line":31,"column":1}},"11":{"start":{"line":24,"column":4},"end":{"line":24,"column":14}},"12":{"start":{"line":25,"column":4},"end":{"line":29,"column":7}},"13":{"start":{"line":26,"column":8},"end":{"line":28,"column":9}},"14":{"start":{"line":27,"column":12},"end":{"line":27,"column":16}},"15":{"start":{"line":30,"column":4},"end":{"line":30,"column":13}},"16":{"start":{"line":33,"column":0},"end":{"line":35,"column":1}},"17":{"start":{"line":34,"column":4},"end":{"line":34,"column":52}},"18":{"start":{"line":37,"column":0},"end":{"line":39,"column":1}},"19":{"start":{"line":38,"column":4},"end":{"line":38,"column":55}},"20":{"start":{"line":41,"column":0},"end":{"line":43,"column":1}},"21":{"start":{"line":42,"column":4},"end":{"line":42,"column":52}},"22":{"start":{"line":45,"column":0},"end":{"line":47,"column":1}},"23":{"start":{"line":46,"column":4},"end":{"line":46,"column":68}},"24":{"start":{"line":49,"column":0},"end":{"line":56,"column":1}},"25":{"start":{"line":50,"column":4},"end":{"line":54,"column":7}},"26":{"start":{"line":51,"column":8},"end":{"line":53,"column":9}},"27":{"start":{"line":52,"column":12},"end":{"line":52,"column":25}},"28":{"start":{"line":55,"column":4},"end":{"line":55,"column":16}},"29":{"start":{"line":58,"column":0},"end":{"line":68,"column":1}},"30":{"start":{"line":59,"column":4},"end":{"line":59,"column":50}},"31":{"start":{"line":60,"column":4},"end":{"line":66,"column":7}},"32":{"start":{"line":61,"column":8},"end":{"line":65,"column":9}},"33":{"start":{"line":62,"column":12},"end":{"line":64,"column":13}},"34":{"start":{"line":63,"column":16},"end":{"line":63,"column":29}},"35":{"start":{"line":67,"column":4},"end":{"line":67,"column":16}},"36":{"start":{"line":70,"column":0},"end":{"line":80,"column":1}},"37":{"start":{"line":71,"column":4},"end":{"line":71,"column":40}},"38":{"start":{"line":72,"column":4},"end":{"line":78,"column":7}},"39":{"start":{"line":73,"column":8},"end":{"line":77,"column":9}},"40":{"start":{"line":74,"column":12},"end":{"line":76,"column":13}},"41":{"start":{"line":75,"column":16},"end":{"line":75,"column":29}},"42":{"start":{"line":79,"column":4},"end":{"line":79,"column":16}},"43":{"start":{"line":82,"column":0},"end":{"line":108,"column":1}},"44":{"start":{"line":83,"column":4},"end":{"line":83,"column":53}},"45":{"start":{"line":84,"column":4},"end":{"line":107,"column":7}},"46":{"start":{"line":86,"column":8},"end":{"line":86,"column":58}},"47":{"start":{"line":87,"column":8},"end":{"line":87,"column":60}},"48":{"start":{"line":88,"column":8},"end":{"line":90,"column":9}},"49":{"start":{"line":89,"column":12},"end":{"line":89,"column":24}},"50":{"start":{"line":91,"column":8},"end":{"line":91,"column":53}},"51":{"start":{"line":92,"column":8},"end":{"line":92,"column":56}},"52":{"start":{"line":93,"column":8},"end":{"line":93,"column":54}},"53":{"start":{"line":94,"column":8},"end":{"line":94,"column":54}},"54":{"start":{"line":95,"column":8},"end":{"line":95,"column":62}},"55":{"start":{"line":96,"column":8},"end":{"line":96,"column":64}},"56":{"start":{"line":97,"column":8},"end":{"line":97,"column":94}},"57":{"start":{"line":98,"column":8},"end":{"line":103,"column":10}},"58":{"start":{"line":104,"column":8},"end":{"line":104,"column":26}},"59":{"start":{"line":106,"column":8},"end":{"line":106,"column":52}},"60":{"start":{"line":110,"column":0},"end":{"line":122,"column":1}},"61":{"start":{"line":112,"column":4},"end":{"line":112,"column":53}},"62":{"start":{"line":113,"column":4},"end":{"line":120,"column":6}},"63":{"start":{"line":115,"column":12},"end":{"line":115,"column":22}},"64":{"start":{"line":118,"column":12},"end":{"line":118,"column":23}},"65":{"start":{"line":121,"column":4},"end":{"line":121,"column":16}},"66":{"start":{"line":124,"column":0},"end":{"line":174,"column":1}},"67":{"start":{"line":125,"column":4},"end":{"line":173,"column":7}},"68":{"start":{"line":126,"column":8},"end":{"line":128,"column":9}},"69":{"start":{"line":127,"column":12},"end":{"line":127,"column":24}},"70":{"start":{"line":129,"column":8},"end":{"line":134,"column":10}},"71":{"start":{"line":137,"column":8},"end":{"line":139,"column":9}},"72":{"start":{"line":138,"column":12},"end":{"line":138,"column":24}},"73":{"start":{"line":141,"column":8},"end":{"line":146,"column":10}},"74":{"start":{"line":148,"column":8},"end":{"line":148,"column":39}},"75":{"start":{"line":149,"column":8},"end":{"line":149,"column":42}},"76":{"start":{"line":151,"column":8},"end":{"line":151,"column":61}},"77":{"start":{"line":152,"column":8},"end":{"line":152,"column":64}},"78":{"start":{"line":153,"column":8},"end":{"line":153,"column":71}},"79":{"start":{"line":154,"column":8},"end":{"line":154,"column":71}},"80":{"start":{"line":155,"column":8},"end":{"line":155,"column":62}},"81":{"start":{"line":156,"column":8},"end":{"line":156,"column":64}},"82":{"start":{"line":158,"column":8},"end":{"line":158,"column":47}},"83":{"start":{"line":159,"column":8},"end":{"line":159,"column":32}},"84":{"start":{"line":160,"column":8},"end":{"line":160,"column":33}},"85":{"start":{"line":163,"column":8},"end":{"line":168,"column":10}},"86":{"start":{"line":169,"column":8},"end":{"line":169,"column":31}},"87":{"start":{"line":170,"column":8},"end":{"line":170,"column":26}},"88":{"start":{"line":172,"column":8},"end":{"line":172,"column":59}},"89":{"start":{"line":177,"column":0},"end":{"line":183,"column":1}},"90":{"start":{"line":178,"column":4},"end":{"line":182,"column":5}},"91":{"start":{"line":179,"column":8},"end":{"line":179,"column":95}},"92":{"start":{"line":180,"column":11},"end":{"line":182,"column":5}},"93":{"start":{"line":181,"column":8},"end":{"line":181,"column":96}},"94":{"start":{"line":185,"column":0},"end":{"line":245,"column":1}},"95":{"start":{"line":186,"column":4},"end":{"line":243,"column":7}},"96":{"start":{"line":187,"column":8},"end":{"line":187,"column":40}},"97":{"start":{"line":188,"column":8},"end":{"line":191,"column":9}},"98":{"start":{"line":189,"column":10},"end":{"line":189,"column":42}},"99":{"start":{"line":190,"column":10},"end":{"line":190,"column":80}},"100":{"start":{"line":190,"column":60},"end":{"line":190,"column":79}},"101":{"start":{"line":193,"column":8},"end":{"line":193,"column":30}},"102":{"start":{"line":195,"column":8},"end":{"line":197,"column":11}},"103":{"start":{"line":196,"column":12},"end":{"line":196,"column":94}},"104":{"start":{"line":199,"column":8},"end":{"line":242,"column":10}},"105":{"start":{"line":202,"column":16},"end":{"line":202,"column":35}},"106":{"start":{"line":203,"column":16},"end":{"line":215,"column":19}},"107":{"start":{"line":204,"column":20},"end":{"line":214,"column":21}},"108":{"start":{"line":206,"column":24},"end":{"line":206,"column":37}},"109":{"start":{"line":209,"column":24},"end":{"line":213,"column":25}},"110":{"start":{"line":210,"column":28},"end":{"line":212,"column":29}},"111":{"start":{"line":211,"column":32},"end":{"line":211,"column":51}},"112":{"start":{"line":218,"column":16},"end":{"line":218,"column":28}},"113":{"start":{"line":219,"column":16},"end":{"line":225,"column":17}},"114":{"start":{"line":220,"column":20},"end":{"line":224,"column":21}},"115":{"start":{"line":221,"column":24},"end":{"line":223,"column":25}},"116":{"start":{"line":222,"column":28},"end":{"line":222,"column":49}},"117":{"start":{"line":229,"column":16},"end":{"line":233,"column":17}},"118":{"start":{"line":230,"column":20},"end":{"line":232,"column":21}},"119":{"start":{"line":231,"column":24},"end":{"line":231,"column":62}},"120":{"start":{"line":234,"column":16},"end":{"line":237,"column":19}},"121":{"start":{"line":240,"column":16},"end":{"line":240,"column":28}},"122":{"start":{"line":244,"column":4},"end":{"line":244,"column":13}},"123":{"start":{"line":247,"column":0},"end":{"line":267,"column":1}},"124":{"start":{"line":254,"column":4},"end":{"line":254,"column":18}},"125":{"start":{"line":255,"column":4},"end":{"line":265,"column":5}},"126":{"start":{"line":256,"column":8},"end":{"line":264,"column":9}},"127":{"start":{"line":257,"column":12},"end":{"line":263,"column":14}},"128":{"start":{"line":266,"column":4},"end":{"line":266,"column":16}},"129":{"start":{"line":270,"column":0},"end":{"line":270,"column":23}},"130":{"start":{"line":271,"column":0},"end":{"line":271,"column":20}},"131":{"start":{"line":272,"column":0},"end":{"line":272,"column":29}},"132":{"start":{"line":273,"column":0},"end":{"line":339,"column":1}},"133":{"start":{"line":274,"column":4},"end":{"line":337,"column":7}},"134":{"start":{"line":275,"column":8},"end":{"line":277,"column":9}},"135":{"start":{"line":276,"column":12},"end":{"line":276,"column":96}},"136":{"start":{"line":278,"column":8},"end":{"line":280,"column":9}},"137":{"start":{"line":279,"column":12},"end":{"line":279,"column":55}},"138":{"start":{"line":281,"column":8},"end":{"line":283,"column":9}},"139":{"start":{"line":282,"column":12},"end":{"line":282,"column":46}},"140":{"start":{"line":285,"column":8},"end":{"line":285,"column":46}},"141":{"start":{"line":286,"column":8},"end":{"line":336,"column":10}},"142":{"start":{"line":288,"column":16},"end":{"line":288,"column":32}},"143":{"start":{"line":289,"column":16},"end":{"line":289,"column":33}},"144":{"start":{"line":290,"column":16},"end":{"line":292,"column":17}},"145":{"start":{"line":291,"column":20},"end":{"line":291,"column":52}},"146":{"start":{"line":294,"column":16},"end":{"line":294,"column":65}},"147":{"start":{"line":295,"column":16},"end":{"line":295,"column":71}},"148":{"start":{"line":296,"column":16},"end":{"line":296,"column":65}},"149":{"start":{"line":298,"column":16},"end":{"line":300,"column":17}},"150":{"start":{"line":299,"column":20},"end":{"line":299,"column":64}},"151":{"start":{"line":305,"column":16},"end":{"line":305,"column":83}},"152":{"start":{"line":306,"column":16},"end":{"line":308,"column":17}},"153":{"start":{"line":307,"column":20},"end":{"line":307,"column":103}},"154":{"start":{"line":311,"column":16},"end":{"line":311,"column":90}},"155":{"start":{"line":312,"column":16},"end":{"line":314,"column":17}},"156":{"start":{"line":313,"column":20},"end":{"line":313,"column":101}},"157":{"start":{"line":316,"column":16},"end":{"line":329,"column":19}},"158":{"start":{"line":317,"column":20},"end":{"line":317,"column":49}},"159":{"start":{"line":318,"column":20},"end":{"line":318,"column":53}},"160":{"start":{"line":319,"column":20},"end":{"line":319,"column":74}},"161":{"start":{"line":320,"column":20},"end":{"line":326,"column":23}},"162":{"start":{"line":328,"column":20},"end":{"line":328,"column":39}},"163":{"start":{"line":332,"column":16},"end":{"line":332,"column":33}},"164":{"start":{"line":333,"column":16},"end":{"line":333,"column":32}},"165":{"start":{"line":334,"column":16},"end":{"line":334,"column":35}},"166":{"start":{"line":338,"column":4},"end":{"line":338,"column":13}},"167":{"start":{"line":341,"column":0},"end":{"line":347,"column":2}},"168":{"start":{"line":349,"column":0},"end":{"line":349,"column":21}}},"branchMap":{"1":{"line":11,"type":"if","locations":[{"start":{"line":11,"column":12},"end":{"line":11,"column":12}},{"start":{"line":11,"column":12},"end":{"line":11,"column":12}}]},"2":{"line":26,"type":"if","locations":[{"start":{"line":26,"column":8},"end":{"line":26,"column":8}},{"start":{"line":26,"column":8},"end":{"line":26,"column":8}}]},"3":{"line":51,"type":"if","locations":[{"start":{"line":51,"column":8},"end":{"line":51,"column":8}},{"start":{"line":51,"column":8},"end":{"line":51,"column":8}}]},"4":{"line":61,"type":"if","locations":[{"start":{"line":61,"column":8},"end":{"line":61,"column":8}},{"start":{"line":61,"column":8},"end":{"line":61,"column":8}}]},"5":{"line":62,"type":"if","locations":[{"start":{"line":62,"column":12},"end":{"line":62,"column":12}},{"start":{"line":62,"column":12},"end":{"line":62,"column":12}}]},"6":{"line":73,"type":"if","locations":[{"start":{"line":73,"column":8},"end":{"line":73,"column":8}},{"start":{"line":73,"column":8},"end":{"line":73,"column":8}}]},"7":{"line":74,"type":"if","locations":[{"start":{"line":74,"column":12},"end":{"line":74,"column":12}},{"start":{"line":74,"column":12},"end":{"line":74,"column":12}}]},"8":{"line":88,"type":"if","locations":[{"start":{"line":88,"column":8},"end":{"line":88,"column":8}},{"start":{"line":88,"column":8},"end":{"line":88,"column":8}}]},"9":{"line":88,"type":"binary-expr","locations":[{"start":{"line":88,"column":12},"end":{"line":88,"column":25}},{"start":{"line":88,"column":29},"end":{"line":88,"column":41}}]},"10":{"line":126,"type":"if","locations":[{"start":{"line":126,"column":8},"end":{"line":126,"column":8}},{"start":{"line":126,"column":8},"end":{"line":126,"column":8}}]},"11":{"line":137,"type":"if","locations":[{"start":{"line":137,"column":8},"end":{"line":137,"column":8}},{"start":{"line":137,"column":8},"end":{"line":137,"column":8}}]},"12":{"line":137,"type":"binary-expr","locations":[{"start":{"line":137,"column":12},"end":{"line":137,"column":27}},{"start":{"line":137,"column":31},"end":{"line":137,"column":46}},{"start":{"line":137,"column":50},"end":{"line":137,"column":66}},{"start":{"line":137,"column":70},"end":{"line":137,"column":86}}]},"13":{"line":178,"type":"if","locations":[{"start":{"line":178,"column":4},"end":{"line":178,"column":4}},{"start":{"line":178,"column":4},"end":{"line":178,"column":4}}]},"14":{"line":180,"type":"if","locations":[{"start":{"line":180,"column":11},"end":{"line":180,"column":11}},{"start":{"line":180,"column":11},"end":{"line":180,"column":11}}]},"15":{"line":204,"type":"if","locations":[{"start":{"line":204,"column":20},"end":{"line":204,"column":20}},{"start":{"line":204,"column":20},"end":{"line":204,"column":20}}]},"16":{"line":221,"type":"if","locations":[{"start":{"line":221,"column":24},"end":{"line":221,"column":24}},{"start":{"line":221,"column":24},"end":{"line":221,"column":24}}]},"17":{"line":275,"type":"if","locations":[{"start":{"line":275,"column":8},"end":{"line":275,"column":8}},{"start":{"line":275,"column":8},"end":{"line":275,"column":8}}]},"18":{"line":275,"type":"binary-expr","locations":[{"start":{"line":275,"column":12},"end":{"line":275,"column":21}},{"start":{"line":275,"column":25},"end":{"line":275,"column":49}},{"start":{"line":275,"column":53},"end":{"line":275,"column":63}},{"start":{"line":275,"column":67},"end":{"line":275,"column":92}}]},"19":{"line":278,"type":"if","locations":[{"start":{"line":278,"column":8},"end":{"line":278,"column":8}},{"start":{"line":278,"column":8},"end":{"line":278,"column":8}}]},"20":{"line":278,"type":"binary-expr","locations":[{"start":{"line":278,"column":12},"end":{"line":278,"column":52}},{"start":{"line":278,"column":56},"end":{"line":278,"column":73}}]},"21":{"line":281,"type":"if","locations":[{"start":{"line":281,"column":8},"end":{"line":281,"column":8}},{"start":{"line":281,"column":8},"end":{"line":281,"column":8}}]},"22":{"line":281,"type":"binary-expr","locations":[{"start":{"line":281,"column":12},"end":{"line":281,"column":26}},{"start":{"line":281,"column":30},"end":{"line":281,"column":44}}]},"23":{"line":298,"type":"if","locations":[{"start":{"line":298,"column":16},"end":{"line":298,"column":16}},{"start":{"line":298,"column":16},"end":{"line":298,"column":16}}]},"24":{"line":306,"type":"if","locations":[{"start":{"line":306,"column":16},"end":{"line":306,"column":16}},{"start":{"line":306,"column":16},"end":{"line":306,"column":16}}]},"25":{"line":312,"type":"if","locations":[{"start":{"line":312,"column":16},"end":{"line":312,"column":16}},{"start":{"line":312,"column":16},"end":{"line":312,"column":16}}]}}}}