{"/home/daniel/Desktop/Bachelorarbeit/TransliterationApplication/src/about.js":{"path":"/home/daniel/Desktop/Bachelorarbeit/TransliterationApplication/src/about.js","s":{"1":1,"2":0},"b":{},"f":{"1":0},"fnMap":{"1":{"name":"(anonymous_1)","line":1,"loc":{"start":{"line":1,"column":29},"end":{"line":1,"column":40}}}},"statementMap":{"1":{"start":{"line":1,"column":0},"end":{"line":3,"column":2}},"2":{"start":{"line":2,"column":1},"end":{"line":2,"column":16}}},"branchMap":{}},"/home/daniel/Desktop/Bachelorarbeit/TransliterationApplication/src/codec.js":{"path":"/home/daniel/Desktop/Bachelorarbeit/TransliterationApplication/src/codec.js","s":{"1":1,"2":1,"3":1,"4":1,"5":1,"6":0,"7":0,"8":0,"9":0,"10":0,"11":0,"12":0,"13":0,"14":0,"15":0,"16":0,"17":0,"18":0,"19":1,"20":0,"21":0,"22":0,"23":0,"24":1,"25":1,"26":0,"27":0,"28":0,"29":0,"30":0,"31":0,"32":0,"33":0,"34":1,"35":0,"36":1},"b":{"1":[1,1],"2":[0,0],"3":[0,0],"4":[0,0],"5":[0,0],"6":[0,0]},"f":{"1":0,"2":0,"3":0,"4":0,"5":0,"6":0,"7":0,"8":0},"fnMap":{"1":{"name":"(anonymous_1)","line":56,"loc":{"start":{"line":56,"column":26},"end":{"line":56,"column":55}}},"2":{"name":"(anonymous_2)","line":57,"loc":{"start":{"line":57,"column":44},"end":{"line":57,"column":64}}},"3":{"name":"(anonymous_3)","line":59,"loc":{"start":{"line":59,"column":43},"end":{"line":59,"column":66}}},"4":{"name":"(anonymous_4)","line":79,"loc":{"start":{"line":79,"column":23},"end":{"line":79,"column":42}}},"5":{"name":"clean_restructured_graph","line":88,"loc":{"start":{"line":88,"column":0},"end":{"line":88,"column":37}}},"6":{"name":"(anonymous_6)","line":93,"loc":{"start":{"line":93,"column":23},"end":{"line":93,"column":42}}},"7":{"name":"(anonymous_7)","line":94,"loc":{"start":{"line":94,"column":32},"end":{"line":94,"column":54}}},"8":{"name":"classify_node","line":107,"loc":{"start":{"line":107,"column":0},"end":{"line":107,"column":29}}}},"statementMap":{"1":{"start":{"line":49,"column":0},"end":{"line":49,"column":23}},"2":{"start":{"line":50,"column":0},"end":{"line":50,"column":31}},"3":{"start":{"line":52,"column":0},"end":{"line":52,"column":24}},"4":{"start":{"line":54,"column":0},"end":{"line":54,"column":35}},"5":{"start":{"line":56,"column":0},"end":{"line":77,"column":2}},"6":{"start":{"line":57,"column":4},"end":{"line":76,"column":7}},"7":{"start":{"line":58,"column":8},"end":{"line":75,"column":9}},"8":{"start":{"line":59,"column":12},"end":{"line":72,"column":15}},"9":{"start":{"line":60,"column":16},"end":{"line":60,"column":55}},"10":{"start":{"line":61,"column":16},"end":{"line":70,"column":17}},"11":{"start":{"line":62,"column":20},"end":{"line":62,"column":46}},"12":{"start":{"line":63,"column":20},"end":{"line":69,"column":21}},"13":{"start":{"line":64,"column":24},"end":{"line":64,"column":79}},"14":{"start":{"line":65,"column":24},"end":{"line":67,"column":25}},"15":{"start":{"line":66,"column":28},"end":{"line":66,"column":48}},"16":{"start":{"line":68,"column":24},"end":{"line":68,"column":51}},"17":{"start":{"line":71,"column":16},"end":{"line":71,"column":38}},"18":{"start":{"line":74,"column":12},"end":{"line":74,"column":26}},"19":{"start":{"line":79,"column":0},"end":{"line":86,"column":2}},"20":{"start":{"line":80,"column":4},"end":{"line":85,"column":5}},"21":{"start":{"line":81,"column":8},"end":{"line":81,"column":34}},"22":{"start":{"line":82,"column":8},"end":{"line":84,"column":9}},"23":{"start":{"line":83,"column":12},"end":{"line":83,"column":24}},"24":{"start":{"line":88,"column":0},"end":{"line":91,"column":1}},"25":{"start":{"line":93,"column":0},"end":{"line":105,"column":2}},"26":{"start":{"line":94,"column":4},"end":{"line":104,"column":7}},"27":{"start":{"line":95,"column":8},"end":{"line":95,"column":24}},"28":{"start":{"line":96,"column":8},"end":{"line":101,"column":9}},"29":{"start":{"line":97,"column":12},"end":{"line":97,"column":61}},"30":{"start":{"line":98,"column":12},"end":{"line":100,"column":13}},"31":{"start":{"line":99,"column":16},"end":{"line":99,"column":28}},"32":{"start":{"line":102,"column":8},"end":{"line":102,"column":52}},"33":{"start":{"line":103,"column":8},"end":{"line":103,"column":41}},"34":{"start":{"line":107,"column":0},"end":{"line":110,"column":1}},"35":{"start":{"line":109,"column":4},"end":{"line":109,"column":16}},"36":{"start":{"line":114,"column":0},"end":{"line":114,"column":23}}},"branchMap":{"1":{"line":52,"type":"binary-expr","locations":[{"start":{"line":52,"column":12},"end":{"line":52,"column":17}},{"start":{"line":52,"column":21},"end":{"line":52,"column":23}}]},"2":{"line":58,"type":"if","locations":[{"start":{"line":58,"column":8},"end":{"line":58,"column":8}},{"start":{"line":58,"column":8},"end":{"line":58,"column":8}}]},"3":{"line":63,"type":"if","locations":[{"start":{"line":63,"column":20},"end":{"line":63,"column":20}},{"start":{"line":63,"column":20},"end":{"line":63,"column":20}}]},"4":{"line":65,"type":"if","locations":[{"start":{"line":65,"column":24},"end":{"line":65,"column":24}},{"start":{"line":65,"column":24},"end":{"line":65,"column":24}}]},"5":{"line":82,"type":"if","locations":[{"start":{"line":82,"column":8},"end":{"line":82,"column":8}},{"start":{"line":82,"column":8},"end":{"line":82,"column":8}}]},"6":{"line":98,"type":"if","locations":[{"start":{"line":98,"column":12},"end":{"line":98,"column":12}},{"start":{"line":98,"column":12},"end":{"line":98,"column":12}}]}}},"/home/daniel/Desktop/Bachelorarbeit/TransliterationApplication/src/database.js":{"path":"/home/daniel/Desktop/Bachelorarbeit/TransliterationApplication/src/database.js","s":{"1":1,"2":1,"3":1,"4":1,"5":1,"6":3,"7":0,"8":3,"9":0,"10":3,"11":1,"12":3,"13":1,"14":1,"15":1,"16":1,"17":1,"18":1,"19":1,"20":1,"21":1,"22":1,"23":1,"24":1,"25":0,"26":0,"27":0,"28":0,"29":0,"30":1,"31":1,"32":1,"33":1,"34":1,"35":1,"36":5,"37":1,"38":1,"39":1,"40":0,"41":0,"42":0,"43":0,"44":0,"45":0,"46":0,"47":0,"48":1,"49":0,"50":0,"51":0,"52":0,"53":0,"54":0,"55":0,"56":0,"57":0,"58":1},"b":{"1":[1,1],"2":[0,3],"3":[0,3],"4":[0,0],"5":[0,0]},"f":{"1":3,"2":3,"3":1,"4":1,"5":1,"6":0,"7":0,"8":1,"9":1,"10":0,"11":0,"12":0,"13":0,"14":0},"fnMap":{"1":{"name":"(anonymous_1)","line":52,"loc":{"start":{"line":52,"column":23},"end":{"line":52,"column":34}}},"2":{"name":"(anonymous_2)","line":69,"loc":{"start":{"line":69,"column":24},"end":{"line":69,"column":36}}},"3":{"name":"(anonymous_3)","line":82,"loc":{"start":{"line":82,"column":21},"end":{"line":82,"column":41}}},"4":{"name":"(anonymous_4)","line":101,"loc":{"start":{"line":101,"column":24},"end":{"line":101,"column":43}}},"5":{"name":"(anonymous_5)","line":107,"loc":{"start":{"line":107,"column":14},"end":{"line":107,"column":32}}},"6":{"name":"(anonymous_6)","line":121,"loc":{"start":{"line":121,"column":30},"end":{"line":121,"column":44}}},"7":{"name":"(anonymous_7)","line":125,"loc":{"start":{"line":125,"column":14},"end":{"line":125,"column":32}}},"8":{"name":"(anonymous_8)","line":155,"loc":{"start":{"line":155,"column":26},"end":{"line":155,"column":37}}},"9":{"name":"(anonymous_9)","line":167,"loc":{"start":{"line":167,"column":14},"end":{"line":167,"column":32}}},"10":{"name":"(anonymous_10)","line":188,"loc":{"start":{"line":188,"column":43},"end":{"line":188,"column":67}}},"11":{"name":"(anonymous_11)","line":195,"loc":{"start":{"line":195,"column":14},"end":{"line":195,"column":32}}},"12":{"name":"(anonymous_12)","line":217,"loc":{"start":{"line":217,"column":45},"end":{"line":217,"column":79}}},"13":{"name":"(anonymous_13)","line":227,"loc":{"start":{"line":227,"column":14},"end":{"line":227,"column":32}}},"14":{"name":"(anonymous_14)","line":235,"loc":{"start":{"line":235,"column":8},"end":{"line":235,"column":23}}}},"statementMap":{"1":{"start":{"line":1,"column":0},"end":{"line":1,"column":39}},"2":{"start":{"line":22,"column":0},"end":{"line":22,"column":30}},"3":{"start":{"line":31,"column":0},"end":{"line":31,"column":29}},"4":{"start":{"line":41,"column":0},"end":{"line":41,"column":24}},"5":{"start":{"line":52,"column":0},"end":{"line":60,"column":2}},"6":{"start":{"line":53,"column":4},"end":{"line":55,"column":5}},"7":{"start":{"line":54,"column":8},"end":{"line":54,"column":28}},"8":{"start":{"line":56,"column":4},"end":{"line":58,"column":5}},"9":{"start":{"line":57,"column":8},"end":{"line":57,"column":53}},"10":{"start":{"line":59,"column":4},"end":{"line":59,"column":84}},"11":{"start":{"line":69,"column":0},"end":{"line":71,"column":2}},"12":{"start":{"line":70,"column":4},"end":{"line":70,"column":40}},"13":{"start":{"line":82,"column":0},"end":{"line":90,"column":2}},"14":{"start":{"line":85,"column":4},"end":{"line":85,"column":38}},"15":{"start":{"line":86,"column":4},"end":{"line":86,"column":23}},"16":{"start":{"line":87,"column":4},"end":{"line":87,"column":53}},"17":{"start":{"line":88,"column":4},"end":{"line":89,"column":58}},"18":{"start":{"line":101,"column":0},"end":{"line":112,"column":2}},"19":{"start":{"line":103,"column":4},"end":{"line":103,"column":38}},"20":{"start":{"line":104,"column":4},"end":{"line":111,"column":11}},"21":{"start":{"line":108,"column":12},"end":{"line":108,"column":28}},"22":{"start":{"line":109,"column":12},"end":{"line":109,"column":94}},"23":{"start":{"line":110,"column":12},"end":{"line":110,"column":43}},"24":{"start":{"line":121,"column":0},"end":{"line":130,"column":2}},"25":{"start":{"line":122,"column":4},"end":{"line":122,"column":38}},"26":{"start":{"line":123,"column":4},"end":{"line":129,"column":11}},"27":{"start":{"line":126,"column":12},"end":{"line":126,"column":28}},"28":{"start":{"line":127,"column":12},"end":{"line":127,"column":94}},"29":{"start":{"line":128,"column":12},"end":{"line":128,"column":43}},"30":{"start":{"line":155,"column":0},"end":{"line":176,"column":2}},"31":{"start":{"line":157,"column":4},"end":{"line":157,"column":38}},"32":{"start":{"line":158,"column":4},"end":{"line":174,"column":11}},"33":{"start":{"line":168,"column":12},"end":{"line":168,"column":28}},"34":{"start":{"line":169,"column":12},"end":{"line":169,"column":29}},"35":{"start":{"line":170,"column":12},"end":{"line":172,"column":13}},"36":{"start":{"line":171,"column":16},"end":{"line":171,"column":48}},"37":{"start":{"line":173,"column":12},"end":{"line":173,"column":27}},"38":{"start":{"line":175,"column":4},"end":{"line":175,"column":16}},"39":{"start":{"line":188,"column":0},"end":{"line":204,"column":2}},"40":{"start":{"line":189,"column":4},"end":{"line":189,"column":38}},"41":{"start":{"line":190,"column":4},"end":{"line":202,"column":11}},"42":{"start":{"line":196,"column":12},"end":{"line":196,"column":28}},"43":{"start":{"line":197,"column":12},"end":{"line":197,"column":26}},"44":{"start":{"line":198,"column":12},"end":{"line":200,"column":13}},"45":{"start":{"line":199,"column":16},"end":{"line":199,"column":59}},"46":{"start":{"line":201,"column":12},"end":{"line":201,"column":24}},"47":{"start":{"line":203,"column":4},"end":{"line":203,"column":16}},"48":{"start":{"line":217,"column":0},"end":{"line":237,"column":2}},"49":{"start":{"line":218,"column":4},"end":{"line":218,"column":38}},"50":{"start":{"line":219,"column":4},"end":{"line":235,"column":44}},"51":{"start":{"line":228,"column":12},"end":{"line":228,"column":28}},"52":{"start":{"line":229,"column":12},"end":{"line":229,"column":28}},"53":{"start":{"line":230,"column":12},"end":{"line":232,"column":13}},"54":{"start":{"line":231,"column":16},"end":{"line":231,"column":61}},"55":{"start":{"line":233,"column":12},"end":{"line":233,"column":26}},"56":{"start":{"line":235,"column":24},"end":{"line":235,"column":41}},"57":{"start":{"line":236,"column":4},"end":{"line":236,"column":16}},"58":{"start":{"line":239,"column":0},"end":{"line":239,"column":26}}},"branchMap":{"1":{"line":22,"type":"binary-expr","locations":[{"start":{"line":22,"column":15},"end":{"line":22,"column":23}},{"start":{"line":22,"column":27},"end":{"line":22,"column":29}}]},"2":{"line":53,"type":"if","locations":[{"start":{"line":53,"column":4},"end":{"line":53,"column":4}},{"start":{"line":53,"column":4},"end":{"line":53,"column":4}}]},"3":{"line":56,"type":"if","locations":[{"start":{"line":56,"column":4},"end":{"line":56,"column":4}},{"start":{"line":56,"column":4},"end":{"line":56,"column":4}}]},"4":{"line":194,"type":"binary-expr","locations":[{"start":{"line":194,"column":49},"end":{"line":194,"column":62}},{"start":{"line":194,"column":66},"end":{"line":194,"column":68}}]},"5":{"line":225,"type":"binary-expr","locations":[{"start":{"line":225,"column":27},"end":{"line":225,"column":40}},{"start":{"line":225,"column":44},"end":{"line":225,"column":46}}]}}}}