TN:
SF:/home/daniel/Desktop/Bachelorarbeit/TransliterationApplication/src/about.js
FN:1,(anonymous_1)
FNF:1
FNH:1
FNDA:1,(anonymous_1)
DA:1,1
DA:2,1
LF:2
LH:2
BRF:0
BRH:0
end_of_record
TN:
SF:/home/daniel/Desktop/Bachelorarbeit/TransliterationApplication/src/codec.js
FN:112,(anonymous_1)
FN:113,(anonymous_2)
FN:116,(anonymous_3)
FN:161,(anonymous_4)
FN:199,(anonymous_5)
FN:217,(anonymous_6)
FN:240,(anonymous_7)
FN:241,(anonymous_8)
FN:270,(anonymous_9)
FN:271,(anonymous_10)
FN:285,(anonymous_11)
FN:286,(anonymous_12)
FN:312,(anonymous_13)
FN:313,(anonymous_14)
FN:330,(anonymous_15)
FN:338,(anonymous_16)
FN:339,(anonymous_17)
FN:367,(anonymous_18)
FN:380,(anonymous_19)
FN:403,(anonymous_20)
FN:465,(anonymous_21)
FN:474,(anonymous_22)
FN:481,(anonymous_23)
FN:484,(anonymous_24)
FN:487,(anonymous_25)
FN:510,(anonymous_26)
FN:513,(anonymous_27)
FN:517,(anonymous_28)
FN:521,(anonymous_29)
FN:523,(anonymous_30)
FN:531,(anonymous_31)
FNF:31
FNH:29
FNDA:23,(anonymous_1)
FNDA:23,(anonymous_2)
FNDA:22,(anonymous_3)
FNDA:207,(anonymous_4)
FNDA:186,(anonymous_5)
FNDA:12,(anonymous_6)
FNDA:20,(anonymous_7)
FNDA:20,(anonymous_8)
FNDA:13,(anonymous_9)
FNDA:13,(anonymous_10)
FNDA:18,(anonymous_11)
FNDA:104,(anonymous_12)
FNDA:8,(anonymous_13)
FNDA:8,(anonymous_14)
FNDA:45,(anonymous_15)
FNDA:350,(anonymous_16)
FNDA:305,(anonymous_17)
FNDA:134,(anonymous_18)
FNDA:49,(anonymous_19)
FNDA:45,(anonymous_20)
FNDA:3,(anonymous_21)
FNDA:3,(anonymous_22)
FNDA:30,(anonymous_23)
FNDA:216,(anonymous_24)
FNDA:186,(anonymous_25)
FNDA:18,(anonymous_26)
FNDA:3,(anonymous_27)
FNDA:12,(anonymous_28)
FNDA:12,(anonymous_29)
FNDA:0,(anonymous_30)
FNDA:0,(anonymous_31)
DA:72,1
DA:73,1
DA:74,1
DA:85,1
DA:93,1
DA:103,1
DA:112,1
DA:113,23
DA:114,23
DA:115,22
DA:116,22
DA:117,22
DA:118,1
DA:120,21
DA:121,0
DA:123,21
DA:127,21
DA:128,5
DA:129,19
DA:130,19
DA:132,19
DA:133,19
DA:134,19
DA:135,19
DA:136,19
DA:137,0
DA:139,19
DA:143,5
DA:148,21
DA:149,207
DA:150,207
DA:151,12
DA:152,12
DA:153,12
DA:154,34
DA:156,12
DA:161,21
DA:162,207
DA:166,21
DA:167,195
DA:168,195
DA:169,174
DA:170,174
DA:171,48
DA:173,174
DA:177,21
DA:182,0
DA:185,1
DA:199,1
DA:200,186
DA:201,890
DA:202,890
DA:203,186
DA:217,1
DA:218,12
DA:219,12
DA:220,110
DA:221,110
DA:222,34
DA:225,12
DA:240,1
DA:241,20
DA:242,20
DA:243,0
DA:245,20
DA:246,20
DA:247,191
DA:248,191
DA:249,20
DA:252,20
DA:253,20
DA:254,20
DA:270,1
DA:271,13
DA:272,13
DA:273,0
DA:275,13
DA:278,13
DA:283,13
DA:285,13
DA:286,18
DA:287,104
DA:288,104
DA:289,104
DA:291,104
DA:295,13
DA:296,13
DA:297,13
DA:312,1
DA:313,8
DA:314,8
DA:315,0
DA:318,8
DA:319,8
DA:320,8
DA:325,8
DA:330,8
DA:331,45
DA:332,45
DA:333,17
DA:336,45
DA:338,350
DA:339,45
DA:340,305
DA:341,305
DA:342,305
DA:343,305
DA:344,305
DA:347,45
DA:350,45
DA:351,718
DA:352,718
DA:353,718
DA:354,718
DA:359,8
DA:361,8
DA:362,8
DA:364,8
DA:365,8
DA:367,8
DA:368,134
DA:380,8
DA:381,49
DA:393,8
DA:403,8
DA:404,45
DA:405,45
DA:406,17
DA:409,45
DA:412,45
DA:413,718
DA:421,45
DA:422,17
DA:434,45
DA:435,28
DA:449,8
DA:450,8
DA:451,8
DA:465,1
DA:466,3
DA:467,3
DA:468,3
DA:469,0
DA:471,3
DA:474,3
DA:475,3
DA:476,0
DA:478,3
DA:479,3
DA:481,3
DA:482,30
DA:484,30
DA:485,216
DA:487,30
DA:488,186
DA:489,186
DA:490,186
DA:491,186
DA:492,186
DA:495,30
DA:498,30
DA:499,30
DA:500,12
DA:501,12
DA:503,18
DA:509,3
DA:510,3
DA:511,18
DA:513,3
DA:515,3
DA:516,3
DA:517,1
DA:518,12
DA:521,12
DA:522,12
DA:524,0
DA:528,2
DA:532,0
DA:542,1
LF:179
LH:169
BRDA:85,1,0,1
BRDA:85,1,1,1
BRDA:114,2,0,22
BRDA:114,2,1,1
BRDA:117,3,0,1
BRDA:117,3,1,21
BRDA:120,4,0,0
BRDA:120,4,1,21
BRDA:127,5,0,5
BRDA:127,5,1,16
BRDA:130,6,0,19
BRDA:130,6,1,0
BRDA:136,7,0,0
BRDA:136,7,1,19
BRDA:150,8,0,12
BRDA:150,8,1,195
BRDA:150,9,0,207
BRDA:150,9,1,159
BRDA:168,10,0,174
BRDA:168,10,1,21
BRDA:170,11,0,48
BRDA:170,11,1,126
BRDA:202,12,0,186
BRDA:202,12,1,704
BRDA:221,13,0,34
BRDA:221,13,1,76
BRDA:221,14,0,110
BRDA:221,14,1,105
BRDA:242,15,0,0
BRDA:242,15,1,20
BRDA:248,16,0,20
BRDA:248,16,1,171
BRDA:272,17,0,0
BRDA:272,17,1,13
BRDA:288,18,0,104
BRDA:288,18,1,0
BRDA:314,19,0,0
BRDA:314,19,1,8
BRDA:332,20,0,17
BRDA:332,20,1,28
BRDA:336,21,0,45
BRDA:336,21,1,0
BRDA:343,22,0,305
BRDA:343,22,1,0
BRDA:351,23,0,718
BRDA:351,23,1,0
BRDA:405,24,0,17
BRDA:405,24,1,28
BRDA:421,25,0,17
BRDA:421,25,1,28
BRDA:434,26,0,28
BRDA:434,26,1,17
BRDA:466,27,0,0
BRDA:466,27,1,3
BRDA:468,28,0,0
BRDA:468,28,1,3
BRDA:475,29,0,0
BRDA:475,29,1,3
BRDA:482,30,0,30
BRDA:482,30,1,0
BRDA:491,31,0,186
BRDA:491,31,1,0
BRDA:499,32,0,12
BRDA:499,32,1,18
BRDA:516,33,0,1
BRDA:516,33,1,2
BRF:66
BRH:51
end_of_record
TN:
SF:/home/daniel/Desktop/Bachelorarbeit/TransliterationApplication/src/database.js
FN:52,(anonymous_1)
FN:66,(anonymous_2)
FN:77,(anonymous_3)
FN:89,(anonymous_4)
FN:101,(anonymous_5)
FN:102,(anonymous_6)
FN:104,(anonymous_7)
FN:122,(anonymous_8)
FN:128,(anonymous_9)
FN:135,(anonymous_10)
FN:149,(anonymous_11)
FN:154,(anonymous_12)
FN:172,(anonymous_13)
FN:178,(anonymous_14)
FN:183,(anonymous_15)
FN:188,(anonymous_16)
FN:191,(anonymous_17)
FN:196,(anonymous_18)
FN:200,(anonymous_19)
FN:216,(anonymous_20)
FN:226,(anonymous_21)
FN:233,(anonymous_22)
FN:245,(anonymous_23)
FN:251,(anonymous_24)
FN:257,(anonymous_25)
FN:260,(anonymous_26)
FN:269,(anonymous_27)
FN:285,(anonymous_28)
FN:290,(anonymous_29)
FN:310,(anonymous_30)
FN:316,(anonymous_31)
FN:323,(anonymous_32)
FN:341,(anonymous_33)
FN:353,(anonymous_34)
FN:357,(anonymous_35)
FN:379,(anonymous_36)
FN:392,(anonymous_37)
FN:395,(anonymous_38)
FN:424,(anonymous_39)
FN:435,(anonymous_40)
FN:453,(anonymous_41)
FN:469,(anonymous_42)
FN:490,(anonymous_43)
FN:497,(anonymous_44)
FN:519,(anonymous_45)
FN:529,(anonymous_46)
FN:537,(anonymous_47)
FNF:47
FNH:36
FNDA:74,(anonymous_1)
FNDA:74,(anonymous_2)
FNDA:4,(anonymous_3)
FNDA:6,(anonymous_4)
FNDA:4,(anonymous_5)
FNDA:3,(anonymous_6)
FNDA:1,(anonymous_7)
FNDA:5,(anonymous_8)
FNDA:5,(anonymous_9)
FNDA:0,(anonymous_10)
FNDA:4,(anonymous_11)
FNDA:4,(anonymous_12)
FNDA:5,(anonymous_13)
FNDA:5,(anonymous_14)
FNDA:4,(anonymous_15)
FNDA:4,(anonymous_16)
FNDA:0,(anonymous_17)
FNDA:0,(anonymous_18)
FNDA:0,(anonymous_19)
FNDA:6,(anonymous_20)
FNDA:6,(anonymous_21)
FNDA:0,(anonymous_22)
FNDA:2,(anonymous_23)
FNDA:2,(anonymous_24)
FNDA:1,(anonymous_25)
FNDA:0,(anonymous_26)
FNDA:0,(anonymous_27)
FNDA:2,(anonymous_28)
FNDA:2,(anonymous_29)
FNDA:1,(anonymous_30)
FNDA:1,(anonymous_31)
FNDA:0,(anonymous_32)
FNDA:20,(anonymous_33)
FNDA:20,(anonymous_34)
FNDA:0,(anonymous_35)
FNDA:13,(anonymous_36)
FNDA:13,(anonymous_37)
FNDA:0,(anonymous_38)
FNDA:1,(anonymous_39)
FNDA:1,(anonymous_40)
FNDA:1,(anonymous_41)
FNDA:1,(anonymous_42)
FNDA:2,(anonymous_43)
FNDA:2,(anonymous_44)
FNDA:2,(anonymous_45)
FNDA:2,(anonymous_46)
FNDA:0,(anonymous_47)
DA:1,1
DA:22,1
DA:31,1
DA:41,1
DA:52,1
DA:53,74
DA:54,73
DA:56,1
DA:66,1
DA:67,74
DA:77,1
DA:78,4
DA:79,4
DA:89,1
DA:90,6
DA:91,6
DA:101,1
DA:102,4
DA:103,3
DA:105,1
DA:122,1
DA:123,5
DA:124,5
DA:125,5
DA:126,5
DA:129,5
DA:130,5
DA:131,5
DA:132,5
DA:134,5
DA:136,0
DA:149,1
DA:151,4
DA:152,4
DA:155,4
DA:156,4
DA:157,4
DA:158,4
DA:160,4
DA:162,4
DA:172,1
DA:173,5
DA:174,5
DA:179,5
DA:184,4
DA:189,4
DA:190,4
DA:192,0
DA:193,0
DA:197,0
DA:198,0
DA:201,0
DA:202,0
DA:216,1
DA:217,6
DA:218,6
DA:219,6
DA:220,6
DA:227,6
DA:228,6
DA:229,6
DA:230,6
DA:232,6
DA:233,0
DA:245,1
DA:246,2
DA:247,2
DA:248,2
DA:252,2
DA:253,1
DA:258,1
DA:259,1
DA:261,0
DA:262,0
DA:266,1
DA:267,1
DA:270,0
DA:271,0
DA:285,1
DA:286,2
DA:287,2
DA:291,2
DA:292,2
DA:293,2
DA:294,2
DA:296,2
DA:298,2
DA:310,1
DA:311,1
DA:312,1
DA:317,1
DA:318,1
DA:319,1
DA:320,1
DA:322,1
DA:324,0
DA:325,0
DA:327,1
DA:341,1
DA:344,20
DA:345,20
DA:346,20
DA:354,20
DA:355,20
DA:356,20
DA:358,0
DA:359,0
DA:360,0
DA:362,20
DA:379,1
DA:380,13
DA:381,13
DA:382,13
DA:393,13
DA:394,13
DA:396,0
DA:398,13
DA:424,1
DA:426,1
DA:427,1
DA:436,1
DA:437,1
DA:438,1
DA:439,1
DA:441,1
DA:443,1
DA:453,1
DA:454,1
DA:455,1
DA:470,1
DA:471,1
DA:472,1
DA:473,1
DA:475,1
DA:477,1
DA:490,1
DA:491,2
DA:492,2
DA:498,2
DA:499,2
DA:500,2
DA:501,35
DA:503,2
DA:505,2
DA:519,1
DA:520,2
DA:521,2
DA:530,2
DA:531,2
DA:532,2
DA:533,4
DA:535,2
DA:538,0
DA:539,0
DA:541,2
DA:544,1
LF:156
LH:136
BRDA:22,1,0,1
BRDA:22,1,1,1
BRDA:53,2,0,73
BRDA:53,2,1,1
BRDA:246,3,0,1
BRDA:246,3,1,1
BRDA:252,4,0,1
BRDA:252,4,1,1
BRDA:496,5,0,2
BRDA:496,5,1,1
BRDA:527,6,0,2
BRDA:527,6,1,2
BRF:12
BRH:12
end_of_record
