TN:
SF:/home/daniel/Desktop/Bachelorarbeit/TransliterationApplication/src/about.js
FN:1,(anonymous_1)
FNF:1
FNH:1
FNDA:1,(anonymous_1)
DA:1,1
DA:2,1
LF:2
LH:2
BRF:0
BRH:0
end_of_record
TN:
SF:/home/daniel/Desktop/Bachelorarbeit/TransliterationApplication/src/codec.js
FN:112,(anonymous_1)
FN:113,(anonymous_2)
FN:116,(anonymous_3)
FN:161,(anonymous_4)
FN:199,(anonymous_5)
FN:217,(anonymous_6)
FN:240,(anonymous_7)
FN:241,(anonymous_8)
FN:271,(anonymous_9)
FN:272,(anonymous_10)
FN:286,(anonymous_11)
FN:287,(anonymous_12)
FN:313,(anonymous_13)
FN:314,(anonymous_14)
FN:331,(anonymous_15)
FN:339,(anonymous_16)
FN:340,(anonymous_17)
FN:368,(anonymous_18)
FN:381,(anonymous_19)
FN:404,(anonymous_20)
FN:466,(anonymous_21)
FN:475,(anonymous_22)
FN:482,(anonymous_23)
FN:485,(anonymous_24)
FN:488,(anonymous_25)
FN:517,(anonymous_26)
FN:520,(anonymous_27)
FN:524,(anonymous_28)
FN:528,(anonymous_29)
FN:530,(anonymous_30)
FN:538,(anonymous_31)
FNF:31
FNH:29
FNDA:23,(anonymous_1)
FNDA:23,(anonymous_2)
FNDA:22,(anonymous_3)
FNDA:207,(anonymous_4)
FNDA:186,(anonymous_5)
FNDA:12,(anonymous_6)
FNDA:20,(anonymous_7)
FNDA:20,(anonymous_8)
FNDA:13,(anonymous_9)
FNDA:13,(anonymous_10)
FNDA:18,(anonymous_11)
FNDA:104,(anonymous_12)
FNDA:8,(anonymous_13)
FNDA:8,(anonymous_14)
FNDA:45,(anonymous_15)
FNDA:350,(anonymous_16)
FNDA:305,(anonymous_17)
FNDA:134,(anonymous_18)
FNDA:49,(anonymous_19)
FNDA:45,(anonymous_20)
FNDA:3,(anonymous_21)
FNDA:3,(anonymous_22)
FNDA:30,(anonymous_23)
FNDA:216,(anonymous_24)
FNDA:186,(anonymous_25)
FNDA:18,(anonymous_26)
FNDA:3,(anonymous_27)
FNDA:12,(anonymous_28)
FNDA:12,(anonymous_29)
FNDA:0,(anonymous_30)
FNDA:0,(anonymous_31)
DA:72,1
DA:73,1
DA:74,1
DA:85,1
DA:93,1
DA:103,1
DA:112,1
DA:113,23
DA:114,23
DA:115,22
DA:116,22
DA:117,22
DA:118,1
DA:120,21
DA:121,0
DA:123,21
DA:127,21
DA:128,5
DA:129,19
DA:130,19
DA:132,19
DA:133,19
DA:134,19
DA:135,19
DA:136,19
DA:137,0
DA:139,19
DA:143,5
DA:148,21
DA:149,207
DA:150,207
DA:151,12
DA:152,12
DA:153,12
DA:154,34
DA:156,12
DA:161,21
DA:162,207
DA:166,21
DA:167,195
DA:168,195
DA:169,174
DA:170,174
DA:171,48
DA:173,174
DA:177,21
DA:182,0
DA:185,1
DA:199,1
DA:200,186
DA:201,890
DA:202,890
DA:203,186
DA:217,1
DA:218,12
DA:219,12
DA:220,110
DA:221,110
DA:222,34
DA:225,12
DA:240,1
DA:241,20
DA:242,20
DA:243,0
DA:245,20
DA:246,20
DA:247,20
DA:248,191
DA:249,191
DA:250,20
DA:253,20
DA:254,20
DA:255,20
DA:271,1
DA:272,13
DA:273,13
DA:274,0
DA:276,13
DA:279,13
DA:284,13
DA:286,13
DA:287,18
DA:288,104
DA:289,104
DA:290,104
DA:292,104
DA:296,13
DA:297,13
DA:298,13
DA:313,1
DA:314,8
DA:315,8
DA:316,0
DA:319,8
DA:320,8
DA:321,8
DA:326,8
DA:331,8
DA:332,45
DA:333,45
DA:334,17
DA:337,45
DA:339,350
DA:340,45
DA:341,305
DA:342,305
DA:343,305
DA:344,305
DA:345,305
DA:348,45
DA:351,45
DA:352,718
DA:353,718
DA:354,718
DA:355,718
DA:360,8
DA:362,8
DA:363,8
DA:365,8
DA:366,8
DA:368,8
DA:369,134
DA:381,8
DA:382,49
DA:394,8
DA:404,8
DA:405,45
DA:406,45
DA:407,17
DA:410,45
DA:413,45
DA:414,718
DA:422,45
DA:423,17
DA:435,45
DA:436,28
DA:450,8
DA:451,8
DA:452,8
DA:466,1
DA:467,3
DA:468,3
DA:469,3
DA:470,0
DA:472,3
DA:475,3
DA:476,3
DA:477,0
DA:479,3
DA:480,3
DA:482,3
DA:483,30
DA:485,30
DA:486,216
DA:488,30
DA:489,186
DA:490,186
DA:491,186
DA:492,186
DA:493,186
DA:498,30
DA:499,17
DA:500,17
DA:502,30
DA:505,30
DA:506,30
DA:507,12
DA:508,12
DA:510,18
DA:516,3
DA:517,3
DA:518,18
DA:520,3
DA:522,3
DA:523,3
DA:524,1
DA:525,12
DA:528,12
DA:529,12
DA:531,0
DA:535,2
DA:539,0
DA:549,1
LF:183
LH:173
BRDA:85,1,0,1
BRDA:85,1,1,1
BRDA:114,2,0,22
BRDA:114,2,1,1
BRDA:117,3,0,1
BRDA:117,3,1,21
BRDA:120,4,0,0
BRDA:120,4,1,21
BRDA:127,5,0,5
BRDA:127,5,1,16
BRDA:130,6,0,19
BRDA:130,6,1,0
BRDA:136,7,0,0
BRDA:136,7,1,19
BRDA:150,8,0,12
BRDA:150,8,1,195
BRDA:150,9,0,207
BRDA:150,9,1,159
BRDA:168,10,0,174
BRDA:168,10,1,21
BRDA:170,11,0,48
BRDA:170,11,1,126
BRDA:202,12,0,186
BRDA:202,12,1,704
BRDA:221,13,0,34
BRDA:221,13,1,76
BRDA:221,14,0,110
BRDA:221,14,1,105
BRDA:242,15,0,0
BRDA:242,15,1,20
BRDA:245,16,0,0
BRDA:245,16,1,20
BRDA:249,17,0,20
BRDA:249,17,1,171
BRDA:273,18,0,0
BRDA:273,18,1,13
BRDA:289,19,0,104
BRDA:289,19,1,0
BRDA:315,20,0,0
BRDA:315,20,1,8
BRDA:333,21,0,17
BRDA:333,21,1,28
BRDA:337,22,0,45
BRDA:337,22,1,0
BRDA:344,23,0,305
BRDA:344,23,1,0
BRDA:352,24,0,718
BRDA:352,24,1,0
BRDA:406,25,0,17
BRDA:406,25,1,28
BRDA:422,26,0,17
BRDA:422,26,1,28
BRDA:435,27,0,28
BRDA:435,27,1,17
BRDA:467,28,0,0
BRDA:467,28,1,3
BRDA:469,29,0,0
BRDA:469,29,1,3
BRDA:476,30,0,0
BRDA:476,30,1,3
BRDA:483,31,0,30
BRDA:483,31,1,0
BRDA:492,32,0,186
BRDA:492,32,1,0
BRDA:498,33,0,17
BRDA:498,33,1,13
BRDA:506,34,0,12
BRDA:506,34,1,18
BRDA:523,35,0,1
BRDA:523,35,1,2
BRF:70
BRH:54
end_of_record
TN:
SF:/home/daniel/Desktop/Bachelorarbeit/TransliterationApplication/src/database.js
FN:60,(anonymous_1)
FN:61,(anonymous_2)
FN:73,(anonymous_3)
FN:81,(anonymous_4)
FN:85,(anonymous_5)
FN:108,(anonymous_6)
FN:122,(anonymous_7)
FN:136,(anonymous_8)
FN:147,(anonymous_9)
FN:159,(anonymous_10)
FN:171,(anonymous_11)
FN:172,(anonymous_12)
FN:174,(anonymous_13)
FN:193,(anonymous_14)
FN:226,(anonymous_15)
FN:236,(anonymous_16)
FN:252,(anonymous_17)
FN:257,(anonymous_18)
FN:264,(anonymous_19)
FN:271,(anonymous_20)
FN:276,(anonymous_21)
FN:283,(anonymous_22)
FN:295,(anonymous_23)
FN:306,(anonymous_24)
FN:316,(anonymous_25)
FN:330,(anonymous_26)
FN:336,(anonymous_27)
FN:341,(anonymous_28)
FN:346,(anonymous_29)
FN:349,(anonymous_30)
FN:354,(anonymous_31)
FN:358,(anonymous_32)
FN:374,(anonymous_33)
FN:384,(anonymous_34)
FN:391,(anonymous_35)
FN:394,(anonymous_36)
FN:405,(anonymous_37)
FN:412,(anonymous_38)
FN:428,(anonymous_39)
FN:434,(anonymous_40)
FN:440,(anonymous_41)
FN:443,(anonymous_42)
FN:452,(anonymous_43)
FN:468,(anonymous_44)
FN:473,(anonymous_45)
FN:493,(anonymous_46)
FN:499,(anonymous_47)
FN:506,(anonymous_48)
FN:524,(anonymous_49)
FN:536,(anonymous_50)
FN:540,(anonymous_51)
FN:562,(anonymous_52)
FN:575,(anonymous_53)
FN:578,(anonymous_54)
FN:607,(anonymous_55)
FN:618,(anonymous_56)
FN:636,(anonymous_57)
FN:653,(anonymous_58)
FN:674,(anonymous_59)
FN:681,(anonymous_60)
FN:703,(anonymous_61)
FN:713,(anonymous_62)
FN:721,(anonymous_63)
FNF:63
FNH:42
FNDA:6,(anonymous_1)
FNDA:6,(anonymous_2)
FNDA:1,(anonymous_3)
FNDA:3,(anonymous_4)
FNDA:1,(anonymous_5)
FNDA:2,(anonymous_6)
FNDA:988,(anonymous_7)
FNDA:987,(anonymous_8)
FNDA:4,(anonymous_9)
FNDA:6,(anonymous_10)
FNDA:4,(anonymous_11)
FNDA:3,(anonymous_12)
FNDA:1,(anonymous_13)
FNDA:308,(anonymous_14)
FNDA:308,(anonymous_15)
FNDA:0,(anonymous_16)
FNDA:306,(anonymous_17)
FNDA:306,(anonymous_18)
FNDA:0,(anonymous_19)
FNDA:0,(anonymous_20)
FNDA:0,(anonymous_21)
FNDA:0,(anonymous_22)
FNDA:0,(anonymous_23)
FNDA:0,(anonymous_24)
FNDA:0,(anonymous_25)
FNDA:308,(anonymous_26)
FNDA:308,(anonymous_27)
FNDA:308,(anonymous_28)
FNDA:308,(anonymous_29)
FNDA:0,(anonymous_30)
FNDA:0,(anonymous_31)
FNDA:0,(anonymous_32)
FNDA:6,(anonymous_33)
FNDA:6,(anonymous_34)
FNDA:0,(anonymous_35)
FNDA:0,(anonymous_36)
FNDA:0,(anonymous_37)
FNDA:0,(anonymous_38)
FNDA:2,(anonymous_39)
FNDA:2,(anonymous_40)
FNDA:1,(anonymous_41)
FNDA:0,(anonymous_42)
FNDA:0,(anonymous_43)
FNDA:2,(anonymous_44)
FNDA:2,(anonymous_45)
FNDA:1,(anonymous_46)
FNDA:1,(anonymous_47)
FNDA:0,(anonymous_48)
FNDA:20,(anonymous_49)
FNDA:20,(anonymous_50)
FNDA:0,(anonymous_51)
FNDA:13,(anonymous_52)
FNDA:13,(anonymous_53)
FNDA:0,(anonymous_54)
FNDA:1,(anonymous_55)
FNDA:1,(anonymous_56)
FNDA:1,(anonymous_57)
FNDA:1,(anonymous_58)
FNDA:2,(anonymous_59)
FNDA:2,(anonymous_60)
FNDA:2,(anonymous_61)
FNDA:2,(anonymous_62)
FNDA:0,(anonymous_63)
DA:1,1
DA:22,1
DA:31,1
DA:41,1
DA:50,1
DA:60,1
DA:61,6
DA:63,6
DA:64,1
DA:65,1
DA:67,5
DA:68,5
DA:73,4
DA:74,1
DA:75,1
DA:76,1
DA:79,4
DA:80,4
DA:82,3
DA:83,3
DA:86,1
DA:87,1
DA:88,1
DA:92,1
DA:93,1
DA:94,1
DA:98,6
DA:108,1
DA:109,2
DA:110,2
DA:122,1
DA:123,988
DA:124,987
DA:126,1
DA:136,1
DA:137,987
DA:147,1
DA:148,4
DA:149,4
DA:159,1
DA:160,6
DA:161,6
DA:171,1
DA:172,4
DA:173,3
DA:175,1
DA:193,1
DA:194,308
DA:195,308
DA:196,308
DA:197,308
DA:198,308
DA:199,308
DA:200,2
DA:203,2
DA:204,2
DA:206,0
DA:212,2
DA:214,1
DA:215,1
DA:216,1
DA:217,1
DA:218,1
DA:219,1
DA:224,308
DA:227,308
DA:228,308
DA:229,308
DA:230,308
DA:232,308
DA:233,0
DA:235,308
DA:237,0
DA:238,0
DA:240,308
DA:252,1
DA:254,306
DA:255,306
DA:258,306
DA:259,306
DA:260,306
DA:261,306
DA:263,306
DA:265,0
DA:266,0
DA:268,306
DA:271,1
DA:272,0
DA:273,0
DA:277,0
DA:278,0
DA:279,0
DA:280,0
DA:282,0
DA:284,0
DA:285,0
DA:287,0
DA:295,1
DA:296,0
DA:297,0
DA:307,0
DA:308,0
DA:309,0
DA:310,0
DA:312,0
DA:313,0
DA:315,0
DA:317,0
DA:318,0
DA:320,0
DA:330,1
DA:331,308
DA:332,308
DA:337,308
DA:342,308
DA:347,308
DA:348,308
DA:350,0
DA:351,0
DA:355,0
DA:356,0
DA:359,0
DA:360,0
DA:374,1
DA:375,6
DA:376,6
DA:377,6
DA:378,6
DA:385,6
DA:386,6
DA:387,6
DA:388,6
DA:390,6
DA:391,0
DA:394,1
DA:395,0
DA:396,0
DA:406,0
DA:407,0
DA:408,0
DA:409,0
DA:411,0
DA:413,0
DA:414,0
DA:428,1
DA:429,2
DA:430,2
DA:431,2
DA:435,2
DA:436,1
DA:441,1
DA:442,1
DA:444,0
DA:445,0
DA:449,1
DA:450,1
DA:453,0
DA:454,0
DA:468,1
DA:469,2
DA:470,2
DA:474,2
DA:475,2
DA:476,2
DA:477,2
DA:479,2
DA:481,2
DA:493,1
DA:494,1
DA:495,1
DA:500,1
DA:501,1
DA:502,1
DA:503,1
DA:505,1
DA:507,0
DA:508,0
DA:510,1
DA:524,1
DA:527,20
DA:528,20
DA:529,20
DA:537,20
DA:538,20
DA:539,20
DA:541,0
DA:542,0
DA:543,0
DA:545,20
DA:562,1
DA:563,13
DA:564,13
DA:565,13
DA:576,13
DA:577,13
DA:579,0
DA:581,13
DA:607,1
DA:609,1
DA:610,1
DA:619,1
DA:620,1
DA:621,1
DA:622,2
DA:624,1
DA:626,1
DA:636,1
DA:637,1
DA:638,1
DA:654,1
DA:655,1
DA:656,1
DA:657,1
DA:659,1
DA:661,1
DA:674,1
DA:675,2
DA:676,2
DA:682,2
DA:683,2
DA:684,2
DA:685,35
DA:687,2
DA:689,2
DA:703,1
DA:704,2
DA:705,2
DA:714,2
DA:715,2
DA:716,2
DA:717,4
DA:719,2
DA:722,0
DA:723,0
DA:725,2
DA:728,1
LF:236
LH:180
BRDA:22,1,0,1
BRDA:22,1,1,1
BRDA:63,2,0,1
BRDA:63,2,1,5
BRDA:123,3,0,987
BRDA:123,3,1,1
BRDA:199,4,0,2
BRDA:199,4,1,306
BRDA:203,5,0,2
BRDA:203,5,1,0
BRDA:204,6,0,0
BRDA:204,6,1,2
BRDA:204,7,0,2
BRDA:204,7,1,2
BRDA:204,7,2,0
BRDA:212,8,0,1
BRDA:212,8,1,1
BRDA:212,9,0,2
BRDA:212,9,1,2
BRDA:212,9,2,2
BRDA:215,10,0,1
BRDA:215,10,1,0
BRDA:218,11,0,1
BRDA:218,11,1,0
BRDA:232,12,0,0
BRDA:232,12,1,308
BRDA:312,13,0,0
BRDA:312,13,1,0
BRDA:429,14,0,1
BRDA:429,14,1,1
BRDA:435,15,0,1
BRDA:435,15,1,1
BRDA:680,16,0,2
BRDA:680,16,1,1
BRDA:711,17,0,2
BRDA:711,17,1,2
BRF:36
BRH:28
end_of_record
TN:
SF:/home/daniel/Desktop/Bachelorarbeit/TransliterationApplication/src/utils.js
FN:8,get_exif_from_image
FN:10,(anonymous_2)
FN:23,count_entities_by_label
FN:25,(anonymous_4)
FN:33,count_images_in_result
FN:37,count_fragments_in_result
FN:41,count_tokens_in_result
FN:45,assure_node_has_property
FN:49,assure_node_has_properties
FN:50,(anonymous_10)
FN:58,check_all_tokens_are_spatial
FN:60,(anonymous_12)
FN:70,check_all_images_have_dimension
FN:72,(anonymous_14)
FN:82,normalization_on_whole_image
FN:84,(anonymous_16)
FN:105,(anonymous_17)
FN:110,get_bounding_box_of_fragment
FN:114,(anonymous_19)
FN:117,(anonymous_20)
FN:124,normalization_on_bounding_box
FN:125,(anonymous_22)
FN:171,(anonymous_23)
FN:177,normalize_token_spatials
FN:185,normalize_heatmap_nodes
FN:186,(anonymous_26)
FN:195,(anonymous_27)
FN:200,(anonymous_28)
FN:203,(anonymous_29)
FN:239,(anonymous_30)
FN:247,format_heat_map_to_d3js
FN:273,process_heatmap_query
FN:274,(anonymous_33)
FN:287,(anonymous_34)
FN:316,(anonymous_35)
FN:327,(anonymous_36)
FN:331,(anonymous_37)
FNF:37
FNH:5
FNDA:5,get_exif_from_image
FNDA:5,(anonymous_2)
FNDA:1,count_entities_by_label
FNDA:2,(anonymous_4)
FNDA:1,count_images_in_result
FNDA:0,count_fragments_in_result
FNDA:0,count_tokens_in_result
FNDA:0,assure_node_has_property
FNDA:0,assure_node_has_properties
FNDA:0,(anonymous_10)
FNDA:0,check_all_tokens_are_spatial
FNDA:0,(anonymous_12)
FNDA:0,check_all_images_have_dimension
FNDA:0,(anonymous_14)
FNDA:0,normalization_on_whole_image
FNDA:0,(anonymous_16)
FNDA:0,(anonymous_17)
FNDA:0,get_bounding_box_of_fragment
FNDA:0,(anonymous_19)
FNDA:0,(anonymous_20)
FNDA:0,normalization_on_bounding_box
FNDA:0,(anonymous_22)
FNDA:0,(anonymous_23)
FNDA:0,normalize_token_spatials
FNDA:0,normalize_heatmap_nodes
FNDA:0,(anonymous_26)
FNDA:0,(anonymous_27)
FNDA:0,(anonymous_28)
FNDA:0,(anonymous_29)
FNDA:0,(anonymous_30)
FNDA:0,format_heat_map_to_d3js
FNDA:0,process_heatmap_query
FNDA:0,(anonymous_33)
FNDA:0,(anonymous_34)
FNDA:0,(anonymous_35)
FNDA:0,(anonymous_36)
FNDA:0,(anonymous_37)
DA:5,1
DA:6,1
DA:8,1
DA:9,5
DA:10,5
DA:11,5
DA:12,2
DA:15,3
DA:19,0
DA:23,1
DA:24,1
DA:25,1
DA:26,2
DA:27,2
DA:30,1
DA:33,1
DA:34,1
DA:37,1
DA:38,0
DA:41,1
DA:42,0
DA:45,1
DA:46,0
DA:49,1
DA:50,0
DA:51,0
DA:52,0
DA:55,0
DA:58,1
DA:59,0
DA:60,0
DA:61,0
DA:62,0
DA:63,0
DA:67,0
DA:70,1
DA:71,0
DA:72,0
DA:73,0
DA:74,0
DA:75,0
DA:79,0
DA:82,1
DA:83,0
DA:84,0
DA:86,0
DA:87,0
DA:88,0
DA:89,0
DA:91,0
DA:92,0
DA:93,0
DA:94,0
DA:95,0
DA:96,0
DA:97,0
DA:98,0
DA:104,0
DA:106,0
DA:110,1
DA:112,0
DA:113,0
DA:115,0
DA:118,0
DA:121,0
DA:124,1
DA:125,0
DA:126,0
DA:127,0
DA:129,0
DA:137,0
DA:138,0
DA:141,0
DA:148,0
DA:149,0
DA:151,0
DA:152,0
DA:153,0
DA:154,0
DA:155,0
DA:156,0
DA:158,0
DA:159,0
DA:160,0
DA:163,0
DA:169,0
DA:170,0
DA:172,0
DA:177,1
DA:178,0
DA:179,0
DA:180,0
DA:181,0
DA:185,1
DA:186,0
DA:187,0
DA:188,0
DA:189,0
DA:190,0
DA:193,0
DA:195,0
DA:196,0
DA:199,0
DA:202,0
DA:203,0
DA:204,0
DA:206,0
DA:209,0
DA:210,0
DA:211,0
DA:218,0
DA:219,0
DA:220,0
DA:221,0
DA:222,0
DA:229,0
DA:230,0
DA:231,0
DA:234,0
DA:240,0
DA:244,0
DA:247,1
DA:254,0
DA:255,0
DA:256,0
DA:257,0
DA:266,0
DA:270,1
DA:271,1
DA:272,1
DA:273,1
DA:274,0
DA:275,0
DA:276,0
DA:278,0
DA:279,0
DA:281,0
DA:282,0
DA:285,0
DA:286,0
DA:288,0
DA:289,0
DA:290,0
DA:291,0
DA:294,0
DA:295,0
DA:296,0
DA:298,0
DA:299,0
DA:305,0
DA:306,0
DA:307,0
DA:311,0
DA:312,0
DA:313,0
DA:316,0
DA:317,0
DA:318,0
DA:319,0
DA:320,0
DA:328,0
DA:332,0
DA:333,0
DA:334,0
DA:338,0
DA:341,1
DA:349,1
LF:167
LH:34
BRDA:11,1,0,2
BRDA:11,1,1,3
BRDA:26,2,0,2
BRDA:26,2,1,0
BRDA:51,3,0,0
BRDA:51,3,1,0
BRDA:61,4,0,0
BRDA:61,4,1,0
BRDA:62,5,0,0
BRDA:62,5,1,0
BRDA:73,6,0,0
BRDA:73,6,1,0
BRDA:74,7,0,0
BRDA:74,7,1,0
BRDA:88,8,0,0
BRDA:88,8,1,0
BRDA:88,9,0,0
BRDA:88,9,1,0
BRDA:126,10,0,0
BRDA:126,10,1,0
BRDA:137,11,0,0
BRDA:137,11,1,0
BRDA:137,12,0,0
BRDA:137,12,1,0
BRDA:137,12,2,0
BRDA:137,12,3,0
BRDA:178,13,0,0
BRDA:178,13,1,0
BRDA:180,14,0,0
BRDA:180,14,1,0
BRDA:204,15,0,0
BRDA:204,15,1,0
BRDA:221,16,0,0
BRDA:221,16,1,0
BRDA:275,17,0,0
BRDA:275,17,1,0
BRDA:275,18,0,0
BRDA:275,18,1,0
BRDA:275,18,2,0
BRDA:275,18,3,0
BRDA:278,19,0,0
BRDA:278,19,1,0
BRDA:278,20,0,0
BRDA:278,20,1,0
BRDA:281,21,0,0
BRDA:281,21,1,0
BRDA:281,22,0,0
BRDA:281,22,1,0
BRDA:298,23,0,0
BRDA:298,23,1,0
BRDA:306,24,0,0
BRDA:306,24,1,0
BRDA:312,25,0,0
BRDA:312,25,1,0
BRF:54
BRH:3
end_of_record
